2025-08-07 19:26:31,266 - freqtrade.loggers - INFO - Enabling colorized output.
2025-08-07 19:26:31,266 - root - INFO - Logfile configured
2025-08-07 19:26:31,266 - freqtrade.loggers - INFO - Verbosity set to 0
2025-08-07 19:26:31,266 - freqtrade.configuration.configuration - INFO - Runmode set to dry_run.
2025-08-07 19:26:31,267 - freqtrade.configuration.configuration - INFO - Dry run is enabled
2025-08-07 19:26:31,267 - freqtrade.configuration.configuration - INFO - Using DB: "sqlite:///tradesv3.dryrun.sqlite"
2025-08-07 19:26:31,267 - freqtrade.configuration.configuration - INFO - Using max_open_trades: 5 ...
2025-08-07 19:26:31,267 - freqtrade.configuration.configuration - INFO - Using user-data directory: user_data ...
2025-08-07 19:26:31,267 - freqtrade.configuration.configuration - INFO - Using data directory: user_data/data/bybit ...
2025-08-07 19:26:31,268 - freqtrade.exchange.check_exchange - INFO - Checking exchange...
2025-08-07 19:26:31,271 - freqtrade.exchange.check_exchange - INFO - Exchange "bybit" is officially supported by the Freqtrade development team.
2025-08-07 19:26:31,271 - freqtrade.configuration.configuration - INFO - Using pairlist from configuration.
2025-08-07 19:26:40,157 - freqtrade.resolvers.iresolver - INFO - Using resolved strategy NewsHeliusBitqueryML from '/Users/rognarlodbrok/Desktop/Новый Фриг Бот/strategies/NewsHeliusBitqueryML.py'...
2025-08-07 19:26:40,157 - freqtrade.strategy.hyper - INFO - Found no parameter file.
2025-08-07 19:26:40,158 - root - INFO - Helius Signal Generator инициализирован
2025-08-07 19:26:40,158 - root - INFO - Bitquery Signal Generator инициализирован
2025-08-07 19:26:43,298 - root - INFO - News Sentiment Analyzer инициализирован
2025-08-07 19:26:43,298 - root - INFO - Создана новая ML модель
2025-08-07 19:26:43,298 - freqtrade.resolvers.strategy_resolver - INFO - Override strategy 'minimal_roi' with value in config file: {'0': 0.02, '40': 0.01, '60': 0.005, '120': 0}.
2025-08-07 19:26:43,298 - freqtrade.resolvers.strategy_resolver - INFO - Override strategy 'timeframe' with value in config file: 5m.
2025-08-07 19:26:43,299 - freqtrade.resolvers.strategy_resolver - INFO - Override strategy 'stoploss' with value in config file: -0.05.
2025-08-07 19:26:43,299 - freqtrade.resolvers.strategy_resolver - INFO - Override strategy 'trailing_stop' with value in config file: False.
2025-08-07 19:26:43,299 - freqtrade.resolvers.strategy_resolver - INFO - Override strategy 'trailing_stop_positive' with value in config file: 0.02.
2025-08-07 19:26:43,299 - freqtrade.resolvers.strategy_resolver - INFO - Override strategy 'trailing_stop_positive_offset' with value in config file: 0.03.
2025-08-07 19:26:43,299 - freqtrade.resolvers.strategy_resolver - INFO - Override strategy 'trailing_only_offset_is_reached' with value in config file: False.
2025-08-07 19:26:43,299 - freqtrade.resolvers.strategy_resolver - INFO - Override strategy 'order_types' with value in config file: {'entry': 'limit', 'exit': 'limit', 'emergency_exit': 'market', 'force_entry': 'market', 'force_exit': 'market', 'stoploss': 'limit', 'stoploss_on_exchange': True, 'stoploss_on_exchange_interval': 60, 'stoploss_on_exchange_limit_ratio': 0.99}.
2025-08-07 19:26:43,299 - freqtrade.resolvers.strategy_resolver - INFO - Override strategy 'order_time_in_force' with value in config file: {'entry': 'gtc', 'exit': 'gtc'}.
2025-08-07 19:26:43,300 - freqtrade.resolvers.strategy_resolver - INFO - Override strategy 'stake_currency' with value in config file: USDT.
2025-08-07 19:26:43,300 - freqtrade.resolvers.strategy_resolver - INFO - Override strategy 'stake_amount' with value in config file: unlimited.
2025-08-07 19:26:43,300 - freqtrade.resolvers.strategy_resolver - INFO - Override strategy 'unfilledtimeout' with value in config file: {'entry': 10, 'exit': 10, 'exit_timeout_count': 0, 'unit': 'minutes'}.
2025-08-07 19:26:43,300 - freqtrade.resolvers.strategy_resolver - INFO - Override strategy 'disable_dataframe_checks' with value in config file: False.
2025-08-07 19:26:43,300 - freqtrade.resolvers.strategy_resolver - INFO - Override strategy 'max_open_trades' with value in config file: 5.
2025-08-07 19:26:43,300 - freqtrade.resolvers.strategy_resolver - INFO - Strategy using minimal_roi: {'0': 0.02, '40': 0.01, '60': 0.005, '120': 0}
2025-08-07 19:26:43,300 - freqtrade.resolvers.strategy_resolver - INFO - Strategy using timeframe: 5m
2025-08-07 19:26:43,300 - freqtrade.resolvers.strategy_resolver - INFO - Strategy using stoploss: -0.05
2025-08-07 19:26:43,301 - freqtrade.resolvers.strategy_resolver - INFO - Strategy using trailing_stop: False
2025-08-07 19:26:43,301 - freqtrade.resolvers.strategy_resolver - INFO - Strategy using trailing_stop_positive: 0.02
2025-08-07 19:26:43,301 - freqtrade.resolvers.strategy_resolver - INFO - Strategy using trailing_stop_positive_offset: 0.03
2025-08-07 19:26:43,301 - freqtrade.resolvers.strategy_resolver - INFO - Strategy using trailing_only_offset_is_reached: False
2025-08-07 19:26:43,301 - freqtrade.resolvers.strategy_resolver - INFO - Strategy using use_custom_stoploss: False
2025-08-07 19:26:43,301 - freqtrade.resolvers.strategy_resolver - INFO - Strategy using process_only_new_candles: False
2025-08-07 19:26:43,301 - freqtrade.resolvers.strategy_resolver - INFO - Strategy using order_types: {'entry': 'limit', 'exit': 'limit', 'emergency_exit': 'market', 'force_entry': 'market', 'force_exit': 'market', 'stoploss': 'limit', 'stoploss_on_exchange': True, 'stoploss_on_exchange_interval': 60, 'stoploss_on_exchange_limit_ratio': 0.99}
2025-08-07 19:26:43,301 - freqtrade.resolvers.strategy_resolver - INFO - Strategy using order_time_in_force: {'entry': 'gtc', 'exit': 'gtc'}
2025-08-07 19:26:43,302 - freqtrade.resolvers.strategy_resolver - INFO - Strategy using stake_currency: USDT
2025-08-07 19:26:43,302 - freqtrade.resolvers.strategy_resolver - INFO - Strategy using stake_amount: unlimited
2025-08-07 19:26:43,302 - freqtrade.resolvers.strategy_resolver - INFO - Strategy using startup_candle_count: 200
2025-08-07 19:26:43,302 - freqtrade.resolvers.strategy_resolver - INFO - Strategy using unfilledtimeout: {'entry': 10, 'exit': 10, 'exit_timeout_count': 0, 'unit': 'minutes'}
2025-08-07 19:26:43,302 - freqtrade.resolvers.strategy_resolver - INFO - Strategy using use_exit_signal: True
2025-08-07 19:26:43,302 - freqtrade.resolvers.strategy_resolver - INFO - Strategy using exit_profit_only: False
2025-08-07 19:26:43,302 - freqtrade.resolvers.strategy_resolver - INFO - Strategy using ignore_roi_if_entry_signal: True
2025-08-07 19:26:43,302 - freqtrade.resolvers.strategy_resolver - INFO - Strategy using exit_profit_offset: 0.0
2025-08-07 19:26:43,303 - freqtrade.resolvers.strategy_resolver - INFO - Strategy using disable_dataframe_checks: False
2025-08-07 19:26:43,303 - freqtrade.resolvers.strategy_resolver - INFO - Strategy using ignore_buying_expired_candle_after: 0
2025-08-07 19:26:43,303 - freqtrade.resolvers.strategy_resolver - INFO - Strategy using position_adjustment_enable: False
2025-08-07 19:26:43,303 - freqtrade.resolvers.strategy_resolver - INFO - Strategy using max_entry_position_adjustment: -1
2025-08-07 19:26:43,303 - freqtrade.resolvers.strategy_resolver - INFO - Strategy using max_open_trades: 5
2025-08-07 19:26:43,303 - freqtrade - ERROR - Configuration error: Please migrate your pricing settings to use the new wording.
Please make sure to review the documentation at https://www.freqtrade.io/en/stable.
2025-08-07 20:25:17,331 - freqtrade.loggers - INFO - Enabling colorized output.
2025-08-07 20:25:17,331 - root - INFO - Logfile configured
2025-08-07 20:25:17,331 - freqtrade.loggers - INFO - Verbosity set to 0
2025-08-07 20:25:17,332 - freqtrade.configuration.configuration - INFO - Runmode set to dry_run.
2025-08-07 20:25:17,332 - freqtrade.configuration.configuration - INFO - Using additional Strategy lookup path: strategies/
2025-08-07 20:25:17,332 - freqtrade.configuration.configuration - INFO - Dry run is enabled
2025-08-07 20:25:17,332 - freqtrade.configuration.configuration - INFO - Using DB: "sqlite:///tradesv3.dryrun.sqlite"
2025-08-07 20:25:17,332 - freqtrade.configuration.configuration - INFO - Using max_open_trades: 5 ...
2025-08-07 20:25:17,332 - freqtrade.configuration.configuration - INFO - Parameter --dry-run-wallet detected, overriding dry_run_wallet to: 1000.0 ...
2025-08-07 20:25:17,333 - freqtrade.configuration.configuration - INFO - Using user-data directory: user_data ...
2025-08-07 20:25:17,333 - freqtrade.configuration.configuration - INFO - Using data directory: user_data/data/bybit ...
2025-08-07 20:25:17,333 - freqtrade.exchange.check_exchange - INFO - Checking exchange...
2025-08-07 20:25:17,336 - freqtrade.exchange.check_exchange - INFO - Exchange "bybit" is officially supported by the Freqtrade development team.
2025-08-07 20:25:17,336 - freqtrade.configuration.configuration - INFO - Using pairlist from configuration.
2025-08-07 20:25:17,991 - freqtrade.resolvers.iresolver - INFO - Using resolved strategy NewsHeliusBitqueryML from '/Users/rognarlodbrok/Desktop/Новый Фриг Бот/strategies/NewsHeliusBitqueryML.py'...
2025-08-07 20:25:17,992 - freqtrade.strategy.hyper - INFO - Found no parameter file.
2025-08-07 20:25:17,992 - root - INFO - Helius Signal Generator инициализирован
2025-08-07 20:25:17,992 - root - INFO - Bitquery Signal Generator инициализирован
2025-08-07 20:25:18,789 - root - INFO - News Sentiment Analyzer инициализирован
2025-08-07 20:25:18,789 - root - INFO - ML Model инициализирован
2025-08-07 20:25:18,789 - freqtrade.resolvers.strategy_resolver - INFO - Override strategy 'minimal_roi' with value in config file: {'0': 0.02, '40': 0.01, '60': 0.005, '120': 0}.
2025-08-07 20:25:18,790 - freqtrade.resolvers.strategy_resolver - INFO - Override strategy 'timeframe' with value in config file: 5m.
2025-08-07 20:25:18,790 - freqtrade.resolvers.strategy_resolver - INFO - Override strategy 'stoploss' with value in config file: -0.05.
2025-08-07 20:25:18,790 - freqtrade.resolvers.strategy_resolver - INFO - Override strategy 'trailing_stop' with value in config file: False.
2025-08-07 20:25:18,790 - freqtrade.resolvers.strategy_resolver - INFO - Override strategy 'trailing_stop_positive' with value in config file: 0.02.
2025-08-07 20:25:18,790 - freqtrade.resolvers.strategy_resolver - INFO - Override strategy 'trailing_stop_positive_offset' with value in config file: 0.03.
2025-08-07 20:25:18,790 - freqtrade.resolvers.strategy_resolver - INFO - Override strategy 'trailing_only_offset_is_reached' with value in config file: False.
2025-08-07 20:25:18,791 - freqtrade.resolvers.strategy_resolver - INFO - Override strategy 'order_types' with value in config file: {'entry': 'limit', 'exit': 'limit', 'emergency_exit': 'market', 'force_entry': 'market', 'force_exit': 'market', 'stoploss': 'limit', 'stoploss_on_exchange': True, 'stoploss_on_exchange_interval': 60, 'stoploss_on_exchange_limit_ratio': 0.99}.
2025-08-07 20:25:18,791 - freqtrade.resolvers.strategy_resolver - INFO - Override strategy 'order_time_in_force' with value in config file: {'entry': 'gtc', 'exit': 'gtc'}.
2025-08-07 20:25:18,791 - freqtrade.resolvers.strategy_resolver - INFO - Override strategy 'stake_currency' with value in config file: USDT.
2025-08-07 20:25:18,791 - freqtrade.resolvers.strategy_resolver - INFO - Override strategy 'stake_amount' with value in config file: {'value': 'unlimited', 'type': 'fixed'}.
2025-08-07 20:25:18,791 - freqtrade.resolvers.strategy_resolver - INFO - Override strategy 'unfilledtimeout' with value in config file: {'entry': 10, 'exit': 10, 'exit_timeout_count': 0, 'unit': 'minutes'}.
2025-08-07 20:25:18,791 - freqtrade.resolvers.strategy_resolver - INFO - Override strategy 'disable_dataframe_checks' with value in config file: False.
2025-08-07 20:25:18,791 - freqtrade.resolvers.strategy_resolver - INFO - Override strategy 'max_open_trades' with value in config file: 5.
2025-08-07 20:25:18,792 - freqtrade.resolvers.strategy_resolver - INFO - Strategy using minimal_roi: {'0': 0.02, '40': 0.01, '60': 0.005, '120': 0}
2025-08-07 20:25:18,792 - freqtrade.resolvers.strategy_resolver - INFO - Strategy using timeframe: 5m
2025-08-07 20:25:18,792 - freqtrade.resolvers.strategy_resolver - INFO - Strategy using stoploss: -0.05
2025-08-07 20:25:18,792 - freqtrade.resolvers.strategy_resolver - INFO - Strategy using trailing_stop: False
2025-08-07 20:25:18,792 - freqtrade.resolvers.strategy_resolver - INFO - Strategy using trailing_stop_positive: 0.02
2025-08-07 20:25:18,792 - freqtrade.resolvers.strategy_resolver - INFO - Strategy using trailing_stop_positive_offset: 0.03
2025-08-07 20:25:18,792 - freqtrade.resolvers.strategy_resolver - INFO - Strategy using trailing_only_offset_is_reached: False
2025-08-07 20:25:18,793 - freqtrade.resolvers.strategy_resolver - INFO - Strategy using use_custom_stoploss: False
2025-08-07 20:25:18,793 - freqtrade.resolvers.strategy_resolver - INFO - Strategy using process_only_new_candles: False
2025-08-07 20:25:18,793 - freqtrade.resolvers.strategy_resolver - INFO - Strategy using order_types: {'entry': 'limit', 'exit': 'limit', 'emergency_exit': 'market', 'force_entry': 'market', 'force_exit': 'market', 'stoploss': 'limit', 'stoploss_on_exchange': True, 'stoploss_on_exchange_interval': 60, 'stoploss_on_exchange_limit_ratio': 0.99}
2025-08-07 20:25:18,793 - freqtrade.resolvers.strategy_resolver - INFO - Strategy using order_time_in_force: {'entry': 'gtc', 'exit': 'gtc'}
2025-08-07 20:25:18,793 - freqtrade.resolvers.strategy_resolver - INFO - Strategy using stake_currency: USDT
2025-08-07 20:25:18,793 - freqtrade.resolvers.strategy_resolver - INFO - Strategy using stake_amount: {'value': 'unlimited', 'type': 'fixed'}
2025-08-07 20:25:18,794 - freqtrade.resolvers.strategy_resolver - INFO - Strategy using startup_candle_count: 200
2025-08-07 20:25:18,794 - freqtrade.resolvers.strategy_resolver - INFO - Strategy using unfilledtimeout: {'entry': 10, 'exit': 10, 'exit_timeout_count': 0, 'unit': 'minutes'}
2025-08-07 20:25:18,794 - freqtrade.resolvers.strategy_resolver - INFO - Strategy using use_exit_signal: True
2025-08-07 20:25:18,794 - freqtrade.resolvers.strategy_resolver - INFO - Strategy using exit_profit_only: False
2025-08-07 20:25:18,794 - freqtrade.resolvers.strategy_resolver - INFO - Strategy using ignore_roi_if_entry_signal: True
2025-08-07 20:25:18,794 - freqtrade.resolvers.strategy_resolver - INFO - Strategy using exit_profit_offset: 0.0
2025-08-07 20:25:18,794 - freqtrade.resolvers.strategy_resolver - INFO - Strategy using disable_dataframe_checks: False
2025-08-07 20:25:18,795 - freqtrade.resolvers.strategy_resolver - INFO - Strategy using ignore_buying_expired_candle_after: 0
2025-08-07 20:25:18,795 - freqtrade.resolvers.strategy_resolver - INFO - Strategy using position_adjustment_enable: False
2025-08-07 20:25:18,795 - freqtrade.resolvers.strategy_resolver - INFO - Strategy using max_entry_position_adjustment: -1
2025-08-07 20:25:18,795 - freqtrade.resolvers.strategy_resolver - INFO - Strategy using max_open_trades: 5
2025-08-07 20:25:18,795 - freqtrade - ERROR - Configuration error: Please migrate your pricing settings to use the new wording.
Please make sure to review the documentation at https://www.freqtrade.io/en/stable.
2025-08-07 20:25:28,567 - freqtrade.loggers - INFO - Enabling colorized output.
2025-08-07 20:25:28,567 - root - INFO - Logfile configured
2025-08-07 20:25:28,568 - freqtrade.loggers - INFO - Verbosity set to 0
2025-08-07 20:25:28,568 - freqtrade.configuration.configuration - INFO - Runmode set to dry_run.
2025-08-07 20:25:28,568 - freqtrade.configuration.configuration - INFO - Using additional Strategy lookup path: strategies/
2025-08-07 20:25:28,568 - freqtrade.configuration.configuration - INFO - Dry run is enabled
2025-08-07 20:25:28,568 - freqtrade.configuration.configuration - INFO - Using DB: "sqlite:///tradesv3.dryrun.sqlite"
2025-08-07 20:25:28,568 - freqtrade.configuration.configuration - INFO - Using max_open_trades: 5 ...
2025-08-07 20:25:28,568 - freqtrade.configuration.configuration - INFO - Parameter --dry-run-wallet detected, overriding dry_run_wallet to: 1000.0 ...
2025-08-07 20:25:28,569 - freqtrade.configuration.configuration - INFO - Using user-data directory: user_data ...
2025-08-07 20:25:28,569 - freqtrade.configuration.configuration - INFO - Using data directory: user_data/data/bybit ...
2025-08-07 20:25:28,569 - freqtrade.exchange.check_exchange - INFO - Checking exchange...
2025-08-07 20:25:28,573 - freqtrade.exchange.check_exchange - INFO - Exchange "bybit" is officially supported by the Freqtrade development team.
2025-08-07 20:25:28,574 - freqtrade.configuration.configuration - INFO - Using pairlist from configuration.
2025-08-07 20:25:29,291 - freqtrade.resolvers.iresolver - INFO - Using resolved strategy NewsHeliusBitqueryML from '/Users/rognarlodbrok/Desktop/Новый Фриг Бот/strategies/NewsHeliusBitqueryML.py'...
2025-08-07 20:25:29,291 - freqtrade.strategy.hyper - INFO - Found no parameter file.
2025-08-07 20:25:29,292 - root - INFO - Helius Signal Generator инициализирован
2025-08-07 20:25:29,292 - root - INFO - Bitquery Signal Generator инициализирован
2025-08-07 20:25:29,954 - root - INFO - News Sentiment Analyzer инициализирован
2025-08-07 20:25:29,954 - root - INFO - ML Model инициализирован
2025-08-07 20:25:29,955 - freqtrade.resolvers.strategy_resolver - INFO - Override strategy 'minimal_roi' with value in config file: {'0': 0.02, '40': 0.01, '60': 0.005, '120': 0}.
2025-08-07 20:25:29,955 - freqtrade.resolvers.strategy_resolver - INFO - Override strategy 'timeframe' with value in config file: 5m.
2025-08-07 20:25:29,955 - freqtrade.resolvers.strategy_resolver - INFO - Override strategy 'stoploss' with value in config file: -0.05.
2025-08-07 20:25:29,955 - freqtrade.resolvers.strategy_resolver - INFO - Override strategy 'trailing_stop' with value in config file: False.
2025-08-07 20:25:29,955 - freqtrade.resolvers.strategy_resolver - INFO - Override strategy 'trailing_stop_positive' with value in config file: 0.02.
2025-08-07 20:25:29,956 - freqtrade.resolvers.strategy_resolver - INFO - Override strategy 'trailing_stop_positive_offset' with value in config file: 0.03.
2025-08-07 20:25:29,956 - freqtrade.resolvers.strategy_resolver - INFO - Override strategy 'trailing_only_offset_is_reached' with value in config file: False.
2025-08-07 20:25:29,956 - freqtrade.resolvers.strategy_resolver - INFO - Override strategy 'order_types' with value in config file: {'entry': 'limit', 'exit': 'limit', 'emergency_exit': 'market', 'force_entry': 'market', 'force_exit': 'market', 'stoploss': 'limit', 'stoploss_on_exchange': True, 'stoploss_on_exchange_interval': 60, 'stoploss_on_exchange_limit_ratio': 0.99}.
2025-08-07 20:25:29,956 - freqtrade.resolvers.strategy_resolver - INFO - Override strategy 'order_time_in_force' with value in config file: {'entry': 'gtc', 'exit': 'gtc'}.
2025-08-07 20:25:29,956 - freqtrade.resolvers.strategy_resolver - INFO - Override strategy 'stake_currency' with value in config file: USDT.
2025-08-07 20:25:29,956 - freqtrade.resolvers.strategy_resolver - INFO - Override strategy 'stake_amount' with value in config file: {'value': 'unlimited', 'type': 'fixed'}.
2025-08-07 20:25:29,957 - freqtrade.resolvers.strategy_resolver - INFO - Override strategy 'unfilledtimeout' with value in config file: {'entry': 10, 'exit': 10, 'exit_timeout_count': 0, 'unit': 'minutes'}.
2025-08-07 20:25:29,957 - freqtrade.resolvers.strategy_resolver - INFO - Override strategy 'disable_dataframe_checks' with value in config file: False.
2025-08-07 20:25:29,957 - freqtrade.resolvers.strategy_resolver - INFO - Override strategy 'max_open_trades' with value in config file: 5.
2025-08-07 20:25:29,957 - freqtrade.resolvers.strategy_resolver - INFO - Strategy using minimal_roi: {'0': 0.02, '40': 0.01, '60': 0.005, '120': 0}
2025-08-07 20:25:29,957 - freqtrade.resolvers.strategy_resolver - INFO - Strategy using timeframe: 5m
2025-08-07 20:25:29,957 - freqtrade.resolvers.strategy_resolver - INFO - Strategy using stoploss: -0.05
2025-08-07 20:25:29,957 - freqtrade.resolvers.strategy_resolver - INFO - Strategy using trailing_stop: False
2025-08-07 20:25:29,958 - freqtrade.resolvers.strategy_resolver - INFO - Strategy using trailing_stop_positive: 0.02
2025-08-07 20:25:29,958 - freqtrade.resolvers.strategy_resolver - INFO - Strategy using trailing_stop_positive_offset: 0.03
2025-08-07 20:25:29,958 - freqtrade.resolvers.strategy_resolver - INFO - Strategy using trailing_only_offset_is_reached: False
2025-08-07 20:25:29,958 - freqtrade.resolvers.strategy_resolver - INFO - Strategy using use_custom_stoploss: False
2025-08-07 20:25:29,958 - freqtrade.resolvers.strategy_resolver - INFO - Strategy using process_only_new_candles: False
2025-08-07 20:25:29,958 - freqtrade.resolvers.strategy_resolver - INFO - Strategy using order_types: {'entry': 'limit', 'exit': 'limit', 'emergency_exit': 'market', 'force_entry': 'market', 'force_exit': 'market', 'stoploss': 'limit', 'stoploss_on_exchange': True, 'stoploss_on_exchange_interval': 60, 'stoploss_on_exchange_limit_ratio': 0.99}
2025-08-07 20:25:29,958 - freqtrade.resolvers.strategy_resolver - INFO - Strategy using order_time_in_force: {'entry': 'gtc', 'exit': 'gtc'}
2025-08-07 20:25:29,959 - freqtrade.resolvers.strategy_resolver - INFO - Strategy using stake_currency: USDT
2025-08-07 20:25:29,959 - freqtrade.resolvers.strategy_resolver - INFO - Strategy using stake_amount: {'value': 'unlimited', 'type': 'fixed'}
2025-08-07 20:25:29,959 - freqtrade.resolvers.strategy_resolver - INFO - Strategy using startup_candle_count: 200
2025-08-07 20:25:29,959 - freqtrade.resolvers.strategy_resolver - INFO - Strategy using unfilledtimeout: {'entry': 10, 'exit': 10, 'exit_timeout_count': 0, 'unit': 'minutes'}
2025-08-07 20:25:29,959 - freqtrade.resolvers.strategy_resolver - INFO - Strategy using use_exit_signal: True
2025-08-07 20:25:29,959 - freqtrade.resolvers.strategy_resolver - INFO - Strategy using exit_profit_only: False
2025-08-07 20:25:29,959 - freqtrade.resolvers.strategy_resolver - INFO - Strategy using ignore_roi_if_entry_signal: True
2025-08-07 20:25:29,960 - freqtrade.resolvers.strategy_resolver - INFO - Strategy using exit_profit_offset: 0.0
2025-08-07 20:25:29,960 - freqtrade.resolvers.strategy_resolver - INFO - Strategy using disable_dataframe_checks: False
2025-08-07 20:25:29,960 - freqtrade.resolvers.strategy_resolver - INFO - Strategy using ignore_buying_expired_candle_after: 0
2025-08-07 20:25:29,960 - freqtrade.resolvers.strategy_resolver - INFO - Strategy using position_adjustment_enable: False
2025-08-07 20:25:29,960 - freqtrade.resolvers.strategy_resolver - INFO - Strategy using max_entry_position_adjustment: -1
2025-08-07 20:25:29,960 - freqtrade.resolvers.strategy_resolver - INFO - Strategy using max_open_trades: 5
2025-08-07 20:25:29,961 - freqtrade.configuration.config_validation - INFO - Validating configuration ...
2025-08-07 20:25:29,961 - freqtrade.configuration.config_validation - CRITICAL - Invalid configuration. Reason: {'value': 'unlimited', 'type': 'fixed'} is not of type 'number', 'string'

Failed validating 'type' in schema['properties']['stake_amount']:
    {'description': 'Amount to stake per trade.',
     'type': ['number', 'string'],
     'minimum': 0.0001,
     'pattern': 'unlimited'}

On instance['stake_amount']:
    {'value': 'unlimited', 'type': 'fixed'}
2025-08-07 20:25:29,963 - freqtrade - ERROR - Fatal exception!
Traceback (most recent call last):
  File "/Users/rognarlodbrok/Desktop/Новый Фриг Бот/freqtrade_venv/lib/python3.11/site-packages/freqtrade/main.py", line 47, in main
    return_code = args["func"](args)
                  ^^^^^^^^^^^^^^^^^^
  File "/Users/rognarlodbrok/Desktop/Новый Фриг Бот/freqtrade_venv/lib/python3.11/site-packages/freqtrade/commands/trade_commands.py", line 24, in start_trading
    worker = Worker(args)
             ^^^^^^^^^^^^
  File "/Users/rognarlodbrok/Desktop/Новый Фриг Бот/freqtrade_venv/lib/python3.11/site-packages/freqtrade/worker.py", line 39, in __init__
    self._init(False)
  File "/Users/rognarlodbrok/Desktop/Новый Фриг Бот/freqtrade_venv/lib/python3.11/site-packages/freqtrade/worker.py", line 55, in _init
    self.freqtrade = FreqtradeBot(self._config)
                     ^^^^^^^^^^^^^^^^^^^^^^^^^^
  File "/Users/rognarlodbrok/Desktop/Новый Фриг Бот/freqtrade_venv/lib/python3.11/site-packages/freqtrade/freqtradebot.py", line 99, in __init__
    validate_config_consistency(config)
  File "/Users/rognarlodbrok/Desktop/Новый Фриг Бот/freqtrade_venv/lib/python3.11/site-packages/freqtrade/configuration/config_validation.py", line 97, in validate_config_consistency
    validate_config_schema(conf, preliminary=preliminary)
  File "/Users/rognarlodbrok/Desktop/Новый Фриг Бот/freqtrade_venv/lib/python3.11/site-packages/freqtrade/configuration/config_validation.py", line 69, in validate_config_schema
    raise ValidationError(best_match(Draft4Validator(conf_schema).iter_errors(conf)).message)
jsonschema.exceptions.ValidationError: {'value': 'unlimited', 'type': 'fixed'} is not of type 'number', 'string'
2025-08-07 20:25:48,333 - freqtrade.loggers - INFO - Enabling colorized output.
2025-08-07 20:25:48,333 - root - INFO - Logfile configured
2025-08-07 20:25:48,333 - freqtrade.loggers - INFO - Verbosity set to 0
2025-08-07 20:25:48,333 - freqtrade.configuration.configuration - INFO - Runmode set to dry_run.
2025-08-07 20:25:48,333 - freqtrade.configuration.configuration - INFO - Using additional Strategy lookup path: strategies/
2025-08-07 20:25:48,334 - freqtrade.configuration.configuration - INFO - Dry run is enabled
2025-08-07 20:25:48,334 - freqtrade.configuration.configuration - INFO - Using DB: "sqlite:///tradesv3.dryrun.sqlite"
2025-08-07 20:25:48,334 - freqtrade.configuration.configuration - INFO - Using max_open_trades: 5 ...
2025-08-07 20:25:48,334 - freqtrade.configuration.configuration - INFO - Parameter --dry-run-wallet detected, overriding dry_run_wallet to: 1000.0 ...
2025-08-07 20:25:48,334 - freqtrade.configuration.configuration - INFO - Using user-data directory: user_data ...
2025-08-07 20:25:48,334 - freqtrade.configuration.configuration - INFO - Using data directory: user_data/data/bybit ...
2025-08-07 20:25:48,335 - freqtrade.exchange.check_exchange - INFO - Checking exchange...
2025-08-07 20:25:48,338 - freqtrade.exchange.check_exchange - INFO - Exchange "bybit" is officially supported by the Freqtrade development team.
2025-08-07 20:25:48,338 - freqtrade.configuration.configuration - INFO - Using pairlist from configuration.
2025-08-07 20:25:48,771 - freqtrade.resolvers.iresolver - INFO - Using resolved strategy NewsHeliusBitqueryML from '/Users/rognarlodbrok/Desktop/Новый Фриг Бот/strategies/NewsHeliusBitqueryML.py'...
2025-08-07 20:25:48,771 - freqtrade.strategy.hyper - INFO - Found no parameter file.
2025-08-07 20:25:48,771 - root - INFO - Helius Signal Generator инициализирован
2025-08-07 20:25:48,771 - root - INFO - Bitquery Signal Generator инициализирован
2025-08-07 20:25:49,414 - root - INFO - News Sentiment Analyzer инициализирован
2025-08-07 20:25:49,414 - root - INFO - ML Model инициализирован
2025-08-07 20:25:49,414 - freqtrade.resolvers.strategy_resolver - INFO - Override strategy 'minimal_roi' with value in config file: {'0': 0.02, '40': 0.01, '60': 0.005, '120': 0}.
2025-08-07 20:25:49,415 - freqtrade.resolvers.strategy_resolver - INFO - Override strategy 'timeframe' with value in config file: 5m.
2025-08-07 20:25:49,415 - freqtrade.resolvers.strategy_resolver - INFO - Override strategy 'stoploss' with value in config file: -0.05.
2025-08-07 20:25:49,415 - freqtrade.resolvers.strategy_resolver - INFO - Override strategy 'trailing_stop' with value in config file: False.
2025-08-07 20:25:49,415 - freqtrade.resolvers.strategy_resolver - INFO - Override strategy 'trailing_stop_positive' with value in config file: 0.02.
2025-08-07 20:25:49,415 - freqtrade.resolvers.strategy_resolver - INFO - Override strategy 'trailing_stop_positive_offset' with value in config file: 0.03.
2025-08-07 20:25:49,415 - freqtrade.resolvers.strategy_resolver - INFO - Override strategy 'trailing_only_offset_is_reached' with value in config file: False.
2025-08-07 20:25:49,415 - freqtrade.resolvers.strategy_resolver - INFO - Override strategy 'order_types' with value in config file: {'entry': 'limit', 'exit': 'limit', 'emergency_exit': 'market', 'force_entry': 'market', 'force_exit': 'market', 'stoploss': 'limit', 'stoploss_on_exchange': True, 'stoploss_on_exchange_interval': 60, 'stoploss_on_exchange_limit_ratio': 0.99}.
2025-08-07 20:25:49,416 - freqtrade.resolvers.strategy_resolver - INFO - Override strategy 'order_time_in_force' with value in config file: {'entry': 'gtc', 'exit': 'gtc'}.
2025-08-07 20:25:49,416 - freqtrade.resolvers.strategy_resolver - INFO - Override strategy 'stake_currency' with value in config file: USDT.
2025-08-07 20:25:49,416 - freqtrade.resolvers.strategy_resolver - INFO - Override strategy 'stake_amount' with value in config file: unlimited.
2025-08-07 20:25:49,416 - freqtrade.resolvers.strategy_resolver - INFO - Override strategy 'unfilledtimeout' with value in config file: {'entry': 10, 'exit': 10, 'exit_timeout_count': 0, 'unit': 'minutes'}.
2025-08-07 20:25:49,416 - freqtrade.resolvers.strategy_resolver - INFO - Override strategy 'disable_dataframe_checks' with value in config file: False.
2025-08-07 20:25:49,416 - freqtrade.resolvers.strategy_resolver - INFO - Override strategy 'max_open_trades' with value in config file: 5.
2025-08-07 20:25:49,417 - freqtrade.resolvers.strategy_resolver - INFO - Strategy using minimal_roi: {'0': 0.02, '40': 0.01, '60': 0.005, '120': 0}
2025-08-07 20:25:49,417 - freqtrade.resolvers.strategy_resolver - INFO - Strategy using timeframe: 5m
2025-08-07 20:25:49,417 - freqtrade.resolvers.strategy_resolver - INFO - Strategy using stoploss: -0.05
2025-08-07 20:25:49,417 - freqtrade.resolvers.strategy_resolver - INFO - Strategy using trailing_stop: False
2025-08-07 20:25:49,417 - freqtrade.resolvers.strategy_resolver - INFO - Strategy using trailing_stop_positive: 0.02
2025-08-07 20:25:49,417 - freqtrade.resolvers.strategy_resolver - INFO - Strategy using trailing_stop_positive_offset: 0.03
2025-08-07 20:25:49,417 - freqtrade.resolvers.strategy_resolver - INFO - Strategy using trailing_only_offset_is_reached: False
2025-08-07 20:25:49,417 - freqtrade.resolvers.strategy_resolver - INFO - Strategy using use_custom_stoploss: False
2025-08-07 20:25:49,418 - freqtrade.resolvers.strategy_resolver - INFO - Strategy using process_only_new_candles: False
2025-08-07 20:25:49,418 - freqtrade.resolvers.strategy_resolver - INFO - Strategy using order_types: {'entry': 'limit', 'exit': 'limit', 'emergency_exit': 'market', 'force_entry': 'market', 'force_exit': 'market', 'stoploss': 'limit', 'stoploss_on_exchange': True, 'stoploss_on_exchange_interval': 60, 'stoploss_on_exchange_limit_ratio': 0.99}
2025-08-07 20:25:49,418 - freqtrade.resolvers.strategy_resolver - INFO - Strategy using order_time_in_force: {'entry': 'gtc', 'exit': 'gtc'}
2025-08-07 20:25:49,418 - freqtrade.resolvers.strategy_resolver - INFO - Strategy using stake_currency: USDT
2025-08-07 20:25:49,418 - freqtrade.resolvers.strategy_resolver - INFO - Strategy using stake_amount: unlimited
2025-08-07 20:25:49,418 - freqtrade.resolvers.strategy_resolver - INFO - Strategy using startup_candle_count: 200
2025-08-07 20:25:49,418 - freqtrade.resolvers.strategy_resolver - INFO - Strategy using unfilledtimeout: {'entry': 10, 'exit': 10, 'exit_timeout_count': 0, 'unit': 'minutes'}
2025-08-07 20:25:49,418 - freqtrade.resolvers.strategy_resolver - INFO - Strategy using use_exit_signal: True
2025-08-07 20:25:49,419 - freqtrade.resolvers.strategy_resolver - INFO - Strategy using exit_profit_only: False
2025-08-07 20:25:49,419 - freqtrade.resolvers.strategy_resolver - INFO - Strategy using ignore_roi_if_entry_signal: True
2025-08-07 20:25:49,420 - freqtrade.resolvers.strategy_resolver - INFO - Strategy using exit_profit_offset: 0.0
2025-08-07 20:25:49,420 - freqtrade.resolvers.strategy_resolver - INFO - Strategy using disable_dataframe_checks: False
2025-08-07 20:25:49,420 - freqtrade.resolvers.strategy_resolver - INFO - Strategy using ignore_buying_expired_candle_after: 0
2025-08-07 20:25:49,421 - freqtrade.resolvers.strategy_resolver - INFO - Strategy using position_adjustment_enable: False
2025-08-07 20:25:49,421 - freqtrade.resolvers.strategy_resolver - INFO - Strategy using max_entry_position_adjustment: -1
2025-08-07 20:25:49,421 - freqtrade.resolvers.strategy_resolver - INFO - Strategy using max_open_trades: 5
2025-08-07 20:25:49,421 - freqtrade.configuration.config_validation - INFO - Validating configuration ...
2025-08-07 20:25:49,422 - freqtrade.exchange.exchange - INFO - Instance is running with dry_run enabled
2025-08-07 20:25:49,423 - freqtrade.exchange.exchange - INFO - Using CCXT 4.4.99
2025-08-07 20:25:49,423 - freqtrade.exchange.exchange - INFO - Applying additional ccxt config: {'options': {'defaultType': 'linear'}, 'enableRateLimit': True, 'sandbox': False, 'timeout': 30000}
2025-08-07 20:25:49,427 - freqtrade.exchange.exchange - INFO - Applying additional ccxt config: {'options': {'defaultType': 'linear'}, 'enableRateLimit': True, 'sandbox': False, 'timeout': 30000, 'rateLimit': 500}
2025-08-07 20:25:49,432 - freqtrade.exchange.exchange - INFO - Applying additional ccxt config: {'options': {'defaultType': 'linear'}, 'enableRateLimit': True, 'sandbox': False, 'timeout': 30000, 'rateLimit': 500}
2025-08-07 20:25:49,436 - freqtrade.exchange.exchange - INFO - Using Exchange "Bybit"
2025-08-07 20:26:24,125 - freqtrade.misc - INFO - dumping json to "user_data/data/bybit/futures/leverage_tiers_USDT.json"
2025-08-07 20:26:24,153 - freqtrade.resolvers.exchange_resolver - INFO - Using resolved exchange 'Bybit'...
2025-08-07 20:26:24,181 - freqtrade.wallets - INFO - Wallets synced.
2025-08-07 20:26:25,233 - freqtrade - ERROR - No Pairlist Handlers defined
2025-08-07 20:48:34,432 - freqtrade.loggers - INFO - Enabling colorized output.
2025-08-07 20:48:34,432 - root - INFO - Logfile configured
2025-08-07 20:48:34,432 - freqtrade.loggers - INFO - Verbosity set to 0
2025-08-07 20:48:34,433 - freqtrade.configuration.configuration - INFO - Using additional Strategy lookup path: strategies
2025-08-07 20:48:34,433 - freqtrade.configuration.configuration - INFO - Parameter -i/--timeframe detected ... Using timeframe: 5m ...
2025-08-07 20:48:34,433 - freqtrade.configuration.configuration - INFO - Using max_open_trades: 5 ...
2025-08-07 20:48:34,433 - freqtrade.configuration.configuration - INFO - Parameter --timerange detected: 20241201-20241231 ...
2025-08-07 20:48:34,433 - freqtrade.configuration.configuration - INFO - Using user-data directory: user_data ...
2025-08-07 20:48:34,433 - freqtrade.configuration.configuration - INFO - Using data directory: user_data/data/bybit ...
2025-08-07 20:48:34,433 - freqtrade.configuration.configuration - INFO - Overriding timeframe with Command line argument
2025-08-07 20:48:34,434 - freqtrade.configuration.configuration - INFO - Parameter --cache=day detected ...
2025-08-07 20:48:34,434 - freqtrade.configuration.configuration - INFO - Filter trades by timerange: 20241201-20241231
2025-08-07 20:48:34,434 - freqtrade.exchange.check_exchange - INFO - Checking exchange...
2025-08-07 20:48:34,437 - freqtrade.exchange.check_exchange - INFO - Exchange "bybit" is officially supported by the Freqtrade development team.
2025-08-07 20:48:34,437 - freqtrade.configuration.configuration - INFO - Using pairlist from configuration.
2025-08-07 20:48:34,437 - freqtrade.configuration.config_validation - INFO - Validating configuration ...
2025-08-07 20:48:34,439 - freqtrade.commands.optimize_commands - INFO - Starting freqtrade in Backtesting mode
2025-08-07 20:48:34,439 - freqtrade.exchange.exchange - INFO - Instance is running with dry_run enabled
2025-08-07 20:48:34,439 - freqtrade.exchange.exchange - INFO - Using CCXT 4.4.99
2025-08-07 20:48:34,440 - freqtrade.exchange.exchange - INFO - Applying additional ccxt config: {'options': {'defaultType': 'linear'}, 'enableRateLimit': True, 'sandbox': False, 'timeout': 30000}
2025-08-07 20:48:34,442 - freqtrade.exchange.exchange - INFO - Applying additional ccxt config: {'options': {'defaultType': 'linear'}, 'enableRateLimit': True, 'sandbox': False, 'timeout': 30000, 'rateLimit': 500}
2025-08-07 20:48:34,446 - freqtrade.exchange.exchange - INFO - Using Exchange "Bybit"
2025-08-07 20:48:52,496 - freqtrade.resolvers.exchange_resolver - INFO - Using resolved exchange 'Bybit'...
2025-08-07 20:48:53,057 - freqtrade.resolvers.iresolver - INFO - Using resolved strategy NewsHeliusBitqueryML from '/Users/rognarlodbrok/Desktop/Новый Фриг Бот/strategies/NewsHeliusBitqueryML.py'...
2025-08-07 20:48:53,058 - freqtrade.strategy.hyper - INFO - Found no parameter file.
2025-08-07 20:48:53,058 - root - INFO - Helius Signal Generator инициализирован
2025-08-07 20:48:53,058 - root - INFO - Bitquery Signal Generator инициализирован
2025-08-07 20:48:53,713 - root - INFO - News Sentiment Analyzer инициализирован
2025-08-07 20:48:53,713 - root - INFO - ML Model инициализирован
2025-08-07 20:48:53,713 - freqtrade.resolvers.strategy_resolver - INFO - Override strategy 'minimal_roi' with value in config file: {'0': 0.02, '40': 0.01, '60': 0.005, '120': 0}.
2025-08-07 20:48:53,714 - freqtrade.resolvers.strategy_resolver - INFO - Override strategy 'timeframe' with value in config file: 5m.
2025-08-07 20:48:53,714 - freqtrade.resolvers.strategy_resolver - INFO - Override strategy 'stoploss' with value in config file: -0.05.
2025-08-07 20:48:53,714 - freqtrade.resolvers.strategy_resolver - INFO - Override strategy 'trailing_stop' with value in config file: False.
2025-08-07 20:48:53,714 - freqtrade.resolvers.strategy_resolver - INFO - Override strategy 'trailing_stop_positive' with value in config file: 0.02.
2025-08-07 20:48:53,714 - freqtrade.resolvers.strategy_resolver - INFO - Override strategy 'trailing_stop_positive_offset' with value in config file: 0.03.
2025-08-07 20:48:53,714 - freqtrade.resolvers.strategy_resolver - INFO - Override strategy 'trailing_only_offset_is_reached' with value in config file: False.
2025-08-07 20:48:53,714 - freqtrade.resolvers.strategy_resolver - INFO - Override strategy 'order_types' with value in config file: {'entry': 'limit', 'exit': 'limit', 'emergency_exit': 'market', 'force_entry': 'market', 'force_exit': 'market', 'stoploss': 'limit', 'stoploss_on_exchange': True, 'stoploss_on_exchange_interval': 60, 'stoploss_on_exchange_limit_ratio': 0.99}.
2025-08-07 20:48:53,715 - freqtrade.resolvers.strategy_resolver - INFO - Override strategy 'order_time_in_force' with value in config file: {'entry': 'gtc', 'exit': 'gtc'}.
2025-08-07 20:48:53,715 - freqtrade.resolvers.strategy_resolver - INFO - Override strategy 'stake_currency' with value in config file: USDT.
2025-08-07 20:48:53,715 - freqtrade.resolvers.strategy_resolver - INFO - Override strategy 'stake_amount' with value in config file: unlimited.
2025-08-07 20:48:53,715 - freqtrade.resolvers.strategy_resolver - INFO - Override strategy 'unfilledtimeout' with value in config file: {'entry': 10, 'exit': 10, 'exit_timeout_count': 0, 'unit': 'minutes'}.
2025-08-07 20:48:53,715 - freqtrade.resolvers.strategy_resolver - INFO - Override strategy 'disable_dataframe_checks' with value in config file: False.
2025-08-07 20:48:53,715 - freqtrade.resolvers.strategy_resolver - INFO - Override strategy 'max_open_trades' with value in config file: 5.
2025-08-07 20:48:53,715 - freqtrade.resolvers.strategy_resolver - INFO - Strategy using minimal_roi: {'0': 0.02, '40': 0.01, '60': 0.005, '120': 0}
2025-08-07 20:48:53,715 - freqtrade.resolvers.strategy_resolver - INFO - Strategy using timeframe: 5m
2025-08-07 20:48:53,716 - freqtrade.resolvers.strategy_resolver - INFO - Strategy using stoploss: -0.05
2025-08-07 20:48:53,716 - freqtrade.resolvers.strategy_resolver - INFO - Strategy using trailing_stop: False
2025-08-07 20:48:53,716 - freqtrade.resolvers.strategy_resolver - INFO - Strategy using trailing_stop_positive: 0.02
2025-08-07 20:48:53,716 - freqtrade.resolvers.strategy_resolver - INFO - Strategy using trailing_stop_positive_offset: 0.03
2025-08-07 20:48:53,716 - freqtrade.resolvers.strategy_resolver - INFO - Strategy using trailing_only_offset_is_reached: False
2025-08-07 20:48:53,716 - freqtrade.resolvers.strategy_resolver - INFO - Strategy using use_custom_stoploss: False
2025-08-07 20:48:53,716 - freqtrade.resolvers.strategy_resolver - INFO - Strategy using process_only_new_candles: False
2025-08-07 20:48:53,716 - freqtrade.resolvers.strategy_resolver - INFO - Strategy using order_types: {'entry': 'limit', 'exit': 'limit', 'emergency_exit': 'market', 'force_entry': 'market', 'force_exit': 'market', 'stoploss': 'limit', 'stoploss_on_exchange': True, 'stoploss_on_exchange_interval': 60, 'stoploss_on_exchange_limit_ratio': 0.99}
2025-08-07 20:48:53,716 - freqtrade.resolvers.strategy_resolver - INFO - Strategy using order_time_in_force: {'entry': 'gtc', 'exit': 'gtc'}
2025-08-07 20:48:53,717 - freqtrade.resolvers.strategy_resolver - INFO - Strategy using stake_currency: USDT
2025-08-07 20:48:53,717 - freqtrade.resolvers.strategy_resolver - INFO - Strategy using stake_amount: unlimited
2025-08-07 20:48:53,717 - freqtrade.resolvers.strategy_resolver - INFO - Strategy using startup_candle_count: 200
2025-08-07 20:48:53,717 - freqtrade.resolvers.strategy_resolver - INFO - Strategy using unfilledtimeout: {'entry': 10, 'exit': 10, 'exit_timeout_count': 0, 'unit': 'minutes'}
2025-08-07 20:48:53,717 - freqtrade.resolvers.strategy_resolver - INFO - Strategy using use_exit_signal: True
2025-08-07 20:48:53,717 - freqtrade.resolvers.strategy_resolver - INFO - Strategy using exit_profit_only: False
2025-08-07 20:48:53,717 - freqtrade.resolvers.strategy_resolver - INFO - Strategy using ignore_roi_if_entry_signal: True
2025-08-07 20:48:53,717 - freqtrade.resolvers.strategy_resolver - INFO - Strategy using exit_profit_offset: 0.0
2025-08-07 20:48:53,717 - freqtrade.resolvers.strategy_resolver - INFO - Strategy using disable_dataframe_checks: False
2025-08-07 20:48:53,718 - freqtrade.resolvers.strategy_resolver - INFO - Strategy using ignore_buying_expired_candle_after: 0
2025-08-07 20:48:53,718 - freqtrade.resolvers.strategy_resolver - INFO - Strategy using position_adjustment_enable: False
2025-08-07 20:48:53,718 - freqtrade.resolvers.strategy_resolver - INFO - Strategy using max_entry_position_adjustment: -1
2025-08-07 20:48:53,718 - freqtrade.resolvers.strategy_resolver - INFO - Strategy using max_open_trades: 5
2025-08-07 20:48:53,718 - freqtrade.configuration.config_validation - INFO - Validating configuration ...
2025-08-07 20:48:53,719 - freqtrade - ERROR - No Pairlist Handlers defined
2025-08-07 20:49:06,499 - freqtrade.loggers - INFO - Enabling colorized output.
2025-08-07 20:49:06,499 - root - INFO - Logfile configured
2025-08-07 20:49:06,499 - freqtrade.loggers - INFO - Verbosity set to 0
2025-08-07 20:49:06,499 - freqtrade.configuration.configuration - INFO - Using additional Strategy lookup path: strategies
2025-08-07 20:49:06,500 - freqtrade.configuration.configuration - INFO - Parameter -i/--timeframe detected ... Using timeframe: 5m ...
2025-08-07 20:49:06,500 - freqtrade.configuration.configuration - INFO - Using max_open_trades: 5 ...
2025-08-07 20:49:06,500 - freqtrade.configuration.configuration - INFO - Parameter --timerange detected: 20241201-20241231 ...
2025-08-07 20:49:06,500 - freqtrade.configuration.configuration - INFO - Using user-data directory: user_data ...
2025-08-07 20:49:06,500 - freqtrade.configuration.configuration - INFO - Using data directory: user_data/data/bybit ...
2025-08-07 20:49:06,500 - freqtrade.configuration.configuration - INFO - Overriding timeframe with Command line argument
2025-08-07 20:49:06,500 - freqtrade.configuration.configuration - INFO - Parameter --cache=day detected ...
2025-08-07 20:49:06,500 - freqtrade.configuration.configuration - INFO - Filter trades by timerange: 20241201-20241231
2025-08-07 20:49:06,501 - freqtrade.exchange.check_exchange - INFO - Checking exchange...
2025-08-07 20:49:06,504 - freqtrade.exchange.check_exchange - INFO - Exchange "bybit" is officially supported by the Freqtrade development team.
2025-08-07 20:49:06,504 - freqtrade.configuration.configuration - INFO - Using pairlist from configuration.
2025-08-07 20:49:06,504 - freqtrade - ERROR - Configuration error: StaticPairList requires pair_whitelist to be set.
Please make sure to review the documentation at https://www.freqtrade.io/en/stable.
2025-08-07 20:49:18,128 - freqtrade.loggers - INFO - Enabling colorized output.
2025-08-07 20:49:18,129 - root - INFO - Logfile configured
2025-08-07 20:49:18,129 - freqtrade.loggers - INFO - Verbosity set to 0
2025-08-07 20:49:18,129 - freqtrade.configuration.configuration - INFO - Using additional Strategy lookup path: strategies
2025-08-07 20:49:18,129 - freqtrade.configuration.configuration - INFO - Parameter -i/--timeframe detected ... Using timeframe: 5m ...
2025-08-07 20:49:18,129 - freqtrade.configuration.configuration - INFO - Using max_open_trades: 5 ...
2025-08-07 20:49:18,129 - freqtrade.configuration.configuration - INFO - Parameter --timerange detected: 20241201-20241231 ...
2025-08-07 20:49:18,130 - freqtrade.configuration.configuration - INFO - Using user-data directory: user_data ...
2025-08-07 20:49:18,130 - freqtrade.configuration.configuration - INFO - Using data directory: user_data/data/bybit ...
2025-08-07 20:49:18,130 - freqtrade.configuration.configuration - INFO - Overriding timeframe with Command line argument
2025-08-07 20:49:18,130 - freqtrade.configuration.configuration - INFO - Parameter --cache=day detected ...
2025-08-07 20:49:18,130 - freqtrade.configuration.configuration - INFO - Filter trades by timerange: 20241201-20241231
2025-08-07 20:49:18,130 - freqtrade.exchange.check_exchange - INFO - Checking exchange...
2025-08-07 20:49:18,134 - freqtrade.exchange.check_exchange - INFO - Exchange "bybit" is officially supported by the Freqtrade development team.
2025-08-07 20:49:18,134 - freqtrade.configuration.configuration - INFO - Using pairlist from configuration.
2025-08-07 20:49:18,134 - freqtrade - ERROR - Configuration error: StaticPairList requires pair_whitelist to be set.
Please make sure to review the documentation at https://www.freqtrade.io/en/stable.
2025-08-07 20:49:31,365 - freqtrade.loggers - INFO - Enabling colorized output.
2025-08-07 20:49:31,366 - root - INFO - Logfile configured
2025-08-07 20:49:31,366 - freqtrade.loggers - INFO - Verbosity set to 0
2025-08-07 20:49:31,366 - freqtrade.configuration.configuration - INFO - Using additional Strategy lookup path: strategies
2025-08-07 20:49:31,366 - freqtrade.configuration.configuration - INFO - Parameter -i/--timeframe detected ... Using timeframe: 5m ...
2025-08-07 20:49:31,366 - freqtrade.configuration.configuration - INFO - Using max_open_trades: 5 ...
2025-08-07 20:49:31,366 - freqtrade.configuration.configuration - INFO - Parameter --timerange detected: 20241201-20241231 ...
2025-08-07 20:49:31,366 - freqtrade.configuration.configuration - INFO - Using user-data directory: user_data ...
2025-08-07 20:49:31,367 - freqtrade.configuration.configuration - INFO - Using data directory: user_data/data/bybit ...
2025-08-07 20:49:31,367 - freqtrade.configuration.configuration - INFO - Overriding timeframe with Command line argument
2025-08-07 20:49:31,367 - freqtrade.configuration.configuration - INFO - Parameter --cache=day detected ...
2025-08-07 20:49:31,367 - freqtrade.configuration.configuration - INFO - Filter trades by timerange: 20241201-20241231
2025-08-07 20:49:31,367 - freqtrade.exchange.check_exchange - INFO - Checking exchange...
2025-08-07 20:49:31,370 - freqtrade.exchange.check_exchange - INFO - Exchange "bybit" is officially supported by the Freqtrade development team.
2025-08-07 20:49:31,371 - freqtrade.configuration.configuration - INFO - Using pairlist from configuration.
2025-08-07 20:49:31,371 - freqtrade - ERROR - Configuration error: StaticPairList requires pair_whitelist to be set.
Please make sure to review the documentation at https://www.freqtrade.io/en/stable.
2025-08-07 20:49:45,816 - freqtrade.loggers - INFO - Enabling colorized output.
2025-08-07 20:49:45,818 - root - INFO - Logfile configured
2025-08-07 20:49:45,818 - freqtrade.loggers - INFO - Verbosity set to 0
2025-08-07 20:49:45,818 - freqtrade.configuration.configuration - INFO - Using additional Strategy lookup path: strategies
2025-08-07 20:49:45,818 - freqtrade.configuration.configuration - INFO - Parameter -i/--timeframe detected ... Using timeframe: 5m ...
2025-08-07 20:49:45,818 - freqtrade.configuration.configuration - INFO - Using max_open_trades: 5 ...
2025-08-07 20:49:45,818 - freqtrade.configuration.configuration - INFO - Parameter --timerange detected: 20241201-20241231 ...
2025-08-07 20:49:45,819 - freqtrade.configuration.configuration - INFO - Using user-data directory: user_data ...
2025-08-07 20:49:45,819 - freqtrade.configuration.configuration - INFO - Using data directory: user_data/data/bybit ...
2025-08-07 20:49:45,819 - freqtrade.configuration.configuration - INFO - Overriding timeframe with Command line argument
2025-08-07 20:49:45,819 - freqtrade.configuration.configuration - INFO - Parameter --cache=day detected ...
2025-08-07 20:49:45,819 - freqtrade.configuration.configuration - INFO - Filter trades by timerange: 20241201-20241231
2025-08-07 20:49:45,819 - freqtrade.exchange.check_exchange - INFO - Checking exchange...
2025-08-07 20:49:45,822 - freqtrade.exchange.check_exchange - INFO - Exchange "bybit" is officially supported by the Freqtrade development team.
2025-08-07 20:49:45,823 - freqtrade.configuration.configuration - INFO - Using pairlist from configuration.
2025-08-07 20:49:45,823 - freqtrade.configuration.config_validation - INFO - Validating configuration ...
2025-08-07 20:49:45,824 - freqtrade.commands.optimize_commands - INFO - Starting freqtrade in Backtesting mode
2025-08-07 20:49:45,824 - freqtrade.exchange.exchange - INFO - Instance is running with dry_run enabled
2025-08-07 20:49:45,824 - freqtrade.exchange.exchange - INFO - Using CCXT 4.4.99
2025-08-07 20:49:45,824 - freqtrade.exchange.exchange - INFO - Applying additional ccxt config: {'options': {'defaultType': 'linear'}, 'enableRateLimit': True, 'sandbox': False, 'timeout': 30000}
2025-08-07 20:49:45,827 - freqtrade.exchange.exchange - INFO - Applying additional ccxt config: {'options': {'defaultType': 'linear'}, 'enableRateLimit': True, 'sandbox': False, 'timeout': 30000, 'rateLimit': 500}
2025-08-07 20:49:45,830 - freqtrade.exchange.exchange - INFO - Using Exchange "Bybit"
2025-08-07 20:50:03,878 - freqtrade.resolvers.exchange_resolver - INFO - Using resolved exchange 'Bybit'...
2025-08-07 20:50:04,474 - freqtrade.resolvers.iresolver - INFO - Using resolved strategy NewsHeliusBitqueryML from '/Users/rognarlodbrok/Desktop/Новый Фриг Бот/strategies/NewsHeliusBitqueryML.py'...
2025-08-07 20:50:04,475 - freqtrade.strategy.hyper - INFO - Found no parameter file.
2025-08-07 20:50:04,475 - root - INFO - Helius Signal Generator инициализирован
2025-08-07 20:50:04,475 - root - INFO - Bitquery Signal Generator инициализирован
2025-08-07 20:50:05,137 - root - INFO - News Sentiment Analyzer инициализирован
2025-08-07 20:50:05,137 - root - INFO - ML Model инициализирован
2025-08-07 20:50:05,137 - freqtrade.resolvers.strategy_resolver - INFO - Override strategy 'minimal_roi' with value in config file: {'0': 0.02, '40': 0.01, '60': 0.005, '120': 0}.
2025-08-07 20:50:05,138 - freqtrade.resolvers.strategy_resolver - INFO - Override strategy 'timeframe' with value in config file: 5m.
2025-08-07 20:50:05,138 - freqtrade.resolvers.strategy_resolver - INFO - Override strategy 'stoploss' with value in config file: -0.05.
2025-08-07 20:50:05,138 - freqtrade.resolvers.strategy_resolver - INFO - Override strategy 'trailing_stop' with value in config file: False.
2025-08-07 20:50:05,138 - freqtrade.resolvers.strategy_resolver - INFO - Override strategy 'trailing_stop_positive' with value in config file: 0.02.
2025-08-07 20:50:05,138 - freqtrade.resolvers.strategy_resolver - INFO - Override strategy 'trailing_stop_positive_offset' with value in config file: 0.03.
2025-08-07 20:50:05,138 - freqtrade.resolvers.strategy_resolver - INFO - Override strategy 'trailing_only_offset_is_reached' with value in config file: False.
2025-08-07 20:50:05,138 - freqtrade.resolvers.strategy_resolver - INFO - Override strategy 'order_types' with value in config file: {'entry': 'limit', 'exit': 'limit', 'emergency_exit': 'market', 'force_entry': 'market', 'force_exit': 'market', 'stoploss': 'limit', 'stoploss_on_exchange': True, 'stoploss_on_exchange_interval': 60, 'stoploss_on_exchange_limit_ratio': 0.99}.
2025-08-07 20:50:05,138 - freqtrade.resolvers.strategy_resolver - INFO - Override strategy 'order_time_in_force' with value in config file: {'entry': 'gtc', 'exit': 'gtc'}.
2025-08-07 20:50:05,139 - freqtrade.resolvers.strategy_resolver - INFO - Override strategy 'stake_currency' with value in config file: USDT.
2025-08-07 20:50:05,139 - freqtrade.resolvers.strategy_resolver - INFO - Override strategy 'stake_amount' with value in config file: unlimited.
2025-08-07 20:50:05,139 - freqtrade.resolvers.strategy_resolver - INFO - Override strategy 'unfilledtimeout' with value in config file: {'entry': 10, 'exit': 10, 'exit_timeout_count': 0, 'unit': 'minutes'}.
2025-08-07 20:50:05,139 - freqtrade.resolvers.strategy_resolver - INFO - Override strategy 'disable_dataframe_checks' with value in config file: False.
2025-08-07 20:50:05,139 - freqtrade.resolvers.strategy_resolver - INFO - Override strategy 'max_open_trades' with value in config file: 5.
2025-08-07 20:50:05,139 - freqtrade.resolvers.strategy_resolver - INFO - Strategy using minimal_roi: {'0': 0.02, '40': 0.01, '60': 0.005, '120': 0}
2025-08-07 20:50:05,139 - freqtrade.resolvers.strategy_resolver - INFO - Strategy using timeframe: 5m
2025-08-07 20:50:05,139 - freqtrade.resolvers.strategy_resolver - INFO - Strategy using stoploss: -0.05
2025-08-07 20:50:05,140 - freqtrade.resolvers.strategy_resolver - INFO - Strategy using trailing_stop: False
2025-08-07 20:50:05,140 - freqtrade.resolvers.strategy_resolver - INFO - Strategy using trailing_stop_positive: 0.02
2025-08-07 20:50:05,140 - freqtrade.resolvers.strategy_resolver - INFO - Strategy using trailing_stop_positive_offset: 0.03
2025-08-07 20:50:05,140 - freqtrade.resolvers.strategy_resolver - INFO - Strategy using trailing_only_offset_is_reached: False
2025-08-07 20:50:05,140 - freqtrade.resolvers.strategy_resolver - INFO - Strategy using use_custom_stoploss: False
2025-08-07 20:50:05,140 - freqtrade.resolvers.strategy_resolver - INFO - Strategy using process_only_new_candles: False
2025-08-07 20:50:05,140 - freqtrade.resolvers.strategy_resolver - INFO - Strategy using order_types: {'entry': 'limit', 'exit': 'limit', 'emergency_exit': 'market', 'force_entry': 'market', 'force_exit': 'market', 'stoploss': 'limit', 'stoploss_on_exchange': True, 'stoploss_on_exchange_interval': 60, 'stoploss_on_exchange_limit_ratio': 0.99}
2025-08-07 20:50:05,140 - freqtrade.resolvers.strategy_resolver - INFO - Strategy using order_time_in_force: {'entry': 'gtc', 'exit': 'gtc'}
2025-08-07 20:50:05,141 - freqtrade.resolvers.strategy_resolver - INFO - Strategy using stake_currency: USDT
2025-08-07 20:50:05,141 - freqtrade.resolvers.strategy_resolver - INFO - Strategy using stake_amount: unlimited
2025-08-07 20:50:05,141 - freqtrade.resolvers.strategy_resolver - INFO - Strategy using startup_candle_count: 200
2025-08-07 20:50:05,141 - freqtrade.resolvers.strategy_resolver - INFO - Strategy using unfilledtimeout: {'entry': 10, 'exit': 10, 'exit_timeout_count': 0, 'unit': 'minutes'}
2025-08-07 20:50:05,141 - freqtrade.resolvers.strategy_resolver - INFO - Strategy using use_exit_signal: True
2025-08-07 20:50:05,141 - freqtrade.resolvers.strategy_resolver - INFO - Strategy using exit_profit_only: False
2025-08-07 20:50:05,141 - freqtrade.resolvers.strategy_resolver - INFO - Strategy using ignore_roi_if_entry_signal: True
2025-08-07 20:50:05,141 - freqtrade.resolvers.strategy_resolver - INFO - Strategy using exit_profit_offset: 0.0
2025-08-07 20:50:05,141 - freqtrade.resolvers.strategy_resolver - INFO - Strategy using disable_dataframe_checks: False
2025-08-07 20:50:05,142 - freqtrade.resolvers.strategy_resolver - INFO - Strategy using ignore_buying_expired_candle_after: 0
2025-08-07 20:50:05,142 - freqtrade.resolvers.strategy_resolver - INFO - Strategy using position_adjustment_enable: False
2025-08-07 20:50:05,142 - freqtrade.resolvers.strategy_resolver - INFO - Strategy using max_entry_position_adjustment: -1
2025-08-07 20:50:05,142 - freqtrade.resolvers.strategy_resolver - INFO - Strategy using max_open_trades: 5
2025-08-07 20:50:05,142 - freqtrade.configuration.config_validation - INFO - Validating configuration ...
2025-08-07 20:50:05,144 - freqtrade - ERROR - No Pairlist Handlers defined
2025-08-07 21:34:02,087 - freqtrade.loggers - INFO - Enabling colorized output.
2025-08-07 21:34:02,087 - root - INFO - Logfile configured
2025-08-07 21:34:02,087 - freqtrade.loggers - INFO - Verbosity set to 0
2025-08-07 21:34:02,087 - freqtrade.configuration.configuration - INFO - Using additional Strategy lookup path: strategies
2025-08-07 21:34:02,087 - freqtrade.configuration.configuration - INFO - Parameter -i/--timeframe detected ... Using timeframe: 5m ...
2025-08-07 21:34:02,087 - freqtrade.configuration.configuration - INFO - Using max_open_trades: 5 ...
2025-08-07 21:34:02,088 - freqtrade.configuration.configuration - INFO - Parameter --timerange detected: 20241201-20241231 ...
2025-08-07 21:34:02,088 - freqtrade.configuration.configuration - INFO - Using user-data directory: user_data ...
2025-08-07 21:34:02,088 - freqtrade.configuration.configuration - INFO - Using data directory: user_data/data/bybit ...
2025-08-07 21:34:02,088 - freqtrade.configuration.configuration - INFO - Overriding timeframe with Command line argument
2025-08-07 21:34:02,088 - freqtrade.configuration.configuration - INFO - Parameter --cache=day detected ...
2025-08-07 21:34:02,088 - freqtrade.configuration.configuration - INFO - Filter trades by timerange: 20241201-20241231
2025-08-07 21:34:02,088 - freqtrade.exchange.check_exchange - INFO - Checking exchange...
2025-08-07 21:34:02,092 - freqtrade.exchange.check_exchange - INFO - Exchange "bybit" is officially supported by the Freqtrade development team.
2025-08-07 21:34:02,092 - freqtrade.configuration.configuration - INFO - Using pairlist from configuration.
2025-08-07 21:34:02,092 - freqtrade.configuration.config_validation - INFO - Validating configuration ...
2025-08-07 21:34:02,093 - freqtrade.commands.optimize_commands - INFO - Starting freqtrade in Backtesting mode
2025-08-07 21:34:02,093 - freqtrade.exchange.exchange - INFO - Instance is running with dry_run enabled
2025-08-07 21:34:02,093 - freqtrade.exchange.exchange - INFO - Using CCXT 4.4.99
2025-08-07 21:34:02,093 - freqtrade.exchange.exchange - INFO - Applying additional ccxt config: {'options': {'defaultType': 'linear'}, 'enableRateLimit': True, 'sandbox': False, 'timeout': 30000}
2025-08-07 21:34:02,096 - freqtrade.exchange.exchange - INFO - Applying additional ccxt config: {'options': {'defaultType': 'linear'}, 'enableRateLimit': True, 'sandbox': False, 'timeout': 30000, 'rateLimit': 500}
2025-08-07 21:34:02,099 - freqtrade.exchange.exchange - INFO - Using Exchange "Bybit"
2025-08-07 21:34:20,151 - freqtrade.resolvers.exchange_resolver - INFO - Using resolved exchange 'Bybit'...
2025-08-07 21:34:20,708 - freqtrade.resolvers.iresolver - INFO - Using resolved strategy NewsHeliusBitqueryML from '/Users/rognarlodbrok/Desktop/Новый Фриг Бот/strategies/NewsHeliusBitqueryML.py'...
2025-08-07 21:34:20,709 - freqtrade.strategy.hyper - INFO - Found no parameter file.
2025-08-07 21:34:20,709 - root - INFO - Helius Signal Generator инициализирован
2025-08-07 21:34:20,709 - root - INFO - Bitquery Signal Generator инициализирован
2025-08-07 21:34:21,527 - root - INFO - News Sentiment Analyzer инициализирован
2025-08-07 21:34:21,528 - root - INFO - ML Model инициализирован
2025-08-07 21:34:21,528 - freqtrade.resolvers.strategy_resolver - INFO - Override strategy 'minimal_roi' with value in config file: {'0': 0.02, '40': 0.01, '60': 0.005, '120': 0}.
2025-08-07 21:34:21,528 - freqtrade.resolvers.strategy_resolver - INFO - Override strategy 'timeframe' with value in config file: 5m.
2025-08-07 21:34:21,528 - freqtrade.resolvers.strategy_resolver - INFO - Override strategy 'stoploss' with value in config file: -0.05.
2025-08-07 21:34:21,528 - freqtrade.resolvers.strategy_resolver - INFO - Override strategy 'trailing_stop' with value in config file: False.
2025-08-07 21:34:21,529 - freqtrade.resolvers.strategy_resolver - INFO - Override strategy 'trailing_stop_positive' with value in config file: 0.02.
2025-08-07 21:34:21,529 - freqtrade.resolvers.strategy_resolver - INFO - Override strategy 'trailing_stop_positive_offset' with value in config file: 0.03.
2025-08-07 21:34:21,529 - freqtrade.resolvers.strategy_resolver - INFO - Override strategy 'trailing_only_offset_is_reached' with value in config file: False.
2025-08-07 21:34:21,529 - freqtrade.resolvers.strategy_resolver - INFO - Override strategy 'order_types' with value in config file: {'entry': 'limit', 'exit': 'limit', 'emergency_exit': 'market', 'force_entry': 'market', 'force_exit': 'market', 'stoploss': 'limit', 'stoploss_on_exchange': True, 'stoploss_on_exchange_interval': 60, 'stoploss_on_exchange_limit_ratio': 0.99}.
2025-08-07 21:34:21,529 - freqtrade.resolvers.strategy_resolver - INFO - Override strategy 'order_time_in_force' with value in config file: {'entry': 'gtc', 'exit': 'gtc'}.
2025-08-07 21:34:21,529 - freqtrade.resolvers.strategy_resolver - INFO - Override strategy 'stake_currency' with value in config file: USDT.
2025-08-07 21:34:21,529 - freqtrade.resolvers.strategy_resolver - INFO - Override strategy 'stake_amount' with value in config file: unlimited.
2025-08-07 21:34:21,529 - freqtrade.resolvers.strategy_resolver - INFO - Override strategy 'unfilledtimeout' with value in config file: {'entry': 10, 'exit': 10, 'exit_timeout_count': 0, 'unit': 'minutes'}.
2025-08-07 21:34:21,530 - freqtrade.resolvers.strategy_resolver - INFO - Override strategy 'disable_dataframe_checks' with value in config file: False.
2025-08-07 21:34:21,530 - freqtrade.resolvers.strategy_resolver - INFO - Override strategy 'max_open_trades' with value in config file: 5.
2025-08-07 21:34:21,530 - freqtrade.resolvers.strategy_resolver - INFO - Strategy using minimal_roi: {'0': 0.02, '40': 0.01, '60': 0.005, '120': 0}
2025-08-07 21:34:21,530 - freqtrade.resolvers.strategy_resolver - INFO - Strategy using timeframe: 5m
2025-08-07 21:34:21,530 - freqtrade.resolvers.strategy_resolver - INFO - Strategy using stoploss: -0.05
2025-08-07 21:34:21,530 - freqtrade.resolvers.strategy_resolver - INFO - Strategy using trailing_stop: False
2025-08-07 21:34:21,530 - freqtrade.resolvers.strategy_resolver - INFO - Strategy using trailing_stop_positive: 0.02
2025-08-07 21:34:21,530 - freqtrade.resolvers.strategy_resolver - INFO - Strategy using trailing_stop_positive_offset: 0.03
2025-08-07 21:34:21,531 - freqtrade.resolvers.strategy_resolver - INFO - Strategy using trailing_only_offset_is_reached: False
2025-08-07 21:34:21,531 - freqtrade.resolvers.strategy_resolver - INFO - Strategy using use_custom_stoploss: False
2025-08-07 21:34:21,531 - freqtrade.resolvers.strategy_resolver - INFO - Strategy using process_only_new_candles: False
2025-08-07 21:34:21,531 - freqtrade.resolvers.strategy_resolver - INFO - Strategy using order_types: {'entry': 'limit', 'exit': 'limit', 'emergency_exit': 'market', 'force_entry': 'market', 'force_exit': 'market', 'stoploss': 'limit', 'stoploss_on_exchange': True, 'stoploss_on_exchange_interval': 60, 'stoploss_on_exchange_limit_ratio': 0.99}
2025-08-07 21:34:21,531 - freqtrade.resolvers.strategy_resolver - INFO - Strategy using order_time_in_force: {'entry': 'gtc', 'exit': 'gtc'}
2025-08-07 21:34:21,531 - freqtrade.resolvers.strategy_resolver - INFO - Strategy using stake_currency: USDT
2025-08-07 21:34:21,531 - freqtrade.resolvers.strategy_resolver - INFO - Strategy using stake_amount: unlimited
2025-08-07 21:34:21,531 - freqtrade.resolvers.strategy_resolver - INFO - Strategy using startup_candle_count: 200
2025-08-07 21:34:21,532 - freqtrade.resolvers.strategy_resolver - INFO - Strategy using unfilledtimeout: {'entry': 10, 'exit': 10, 'exit_timeout_count': 0, 'unit': 'minutes'}
2025-08-07 21:34:21,532 - freqtrade.resolvers.strategy_resolver - INFO - Strategy using use_exit_signal: True
2025-08-07 21:34:21,532 - freqtrade.resolvers.strategy_resolver - INFO - Strategy using exit_profit_only: False
2025-08-07 21:34:21,532 - freqtrade.resolvers.strategy_resolver - INFO - Strategy using ignore_roi_if_entry_signal: True
2025-08-07 21:34:21,532 - freqtrade.resolvers.strategy_resolver - INFO - Strategy using exit_profit_offset: 0.0
2025-08-07 21:34:21,532 - freqtrade.resolvers.strategy_resolver - INFO - Strategy using disable_dataframe_checks: False
2025-08-07 21:34:21,532 - freqtrade.resolvers.strategy_resolver - INFO - Strategy using ignore_buying_expired_candle_after: 0
2025-08-07 21:34:21,532 - freqtrade.resolvers.strategy_resolver - INFO - Strategy using position_adjustment_enable: False
2025-08-07 21:34:21,533 - freqtrade.resolvers.strategy_resolver - INFO - Strategy using max_entry_position_adjustment: -1
2025-08-07 21:34:21,533 - freqtrade.resolvers.strategy_resolver - INFO - Strategy using max_open_trades: 5
2025-08-07 21:34:21,533 - freqtrade.configuration.config_validation - INFO - Validating configuration ...
2025-08-07 21:34:21,534 - freqtrade - ERROR - No Pairlist Handlers defined
2025-08-07 21:34:37,836 - freqtrade.loggers - INFO - Enabling colorized output.
2025-08-07 21:34:37,836 - root - INFO - Logfile configured
2025-08-07 21:34:37,836 - freqtrade.loggers - INFO - Verbosity set to 0
2025-08-07 21:34:37,837 - freqtrade.configuration.configuration - INFO - Using additional Strategy lookup path: strategies
2025-08-07 21:34:37,837 - freqtrade.configuration.configuration - INFO - Parameter -i/--timeframe detected ... Using timeframe: 5m ...
2025-08-07 21:34:37,837 - freqtrade.configuration.configuration - INFO - Using max_open_trades: 5 ...
2025-08-07 21:34:37,837 - freqtrade.configuration.configuration - INFO - Parameter --timerange detected: 20241201-20241231 ...
2025-08-07 21:34:37,837 - freqtrade.configuration.configuration - INFO - Using user-data directory: user_data ...
2025-08-07 21:34:37,837 - freqtrade.configuration.configuration - INFO - Using data directory: user_data/data/bybit ...
2025-08-07 21:34:37,837 - freqtrade.configuration.configuration - INFO - Overriding timeframe with Command line argument
2025-08-07 21:34:37,837 - freqtrade.configuration.configuration - INFO - Parameter --cache=day detected ...
2025-08-07 21:34:37,838 - freqtrade.configuration.configuration - INFO - Filter trades by timerange: 20241201-20241231
2025-08-07 21:34:37,838 - freqtrade.exchange.check_exchange - INFO - Checking exchange...
2025-08-07 21:34:37,841 - freqtrade.exchange.check_exchange - INFO - Exchange "bybit" is officially supported by the Freqtrade development team.
2025-08-07 21:34:37,841 - freqtrade.configuration.configuration - INFO - Using pairlist from configuration.
2025-08-07 21:34:37,841 - freqtrade - ERROR - Configuration error: StaticPairList requires pair_whitelist to be set.
Please make sure to review the documentation at https://www.freqtrade.io/en/stable.
2025-08-07 21:34:52,933 - freqtrade.loggers - INFO - Enabling colorized output.
2025-08-07 21:34:52,934 - root - INFO - Logfile configured
2025-08-07 21:34:52,934 - freqtrade.loggers - INFO - Verbosity set to 0
2025-08-07 21:34:52,934 - freqtrade.configuration.configuration - INFO - Using additional Strategy lookup path: strategies
2025-08-07 21:34:52,934 - freqtrade.configuration.configuration - INFO - Parameter -i/--timeframe detected ... Using timeframe: 5m ...
2025-08-07 21:34:52,934 - freqtrade.configuration.configuration - INFO - Using max_open_trades: 5 ...
2025-08-07 21:34:52,935 - freqtrade.configuration.configuration - INFO - Parameter --timerange detected: 20241201-20241231 ...
2025-08-07 21:34:52,935 - freqtrade.configuration.configuration - INFO - Using user-data directory: user_data ...
2025-08-07 21:34:52,935 - freqtrade.configuration.configuration - INFO - Using data directory: user_data/data/bybit ...
2025-08-07 21:34:52,935 - freqtrade.configuration.configuration - INFO - Overriding timeframe with Command line argument
2025-08-07 21:34:52,935 - freqtrade.configuration.configuration - INFO - Parameter --cache=day detected ...
2025-08-07 21:34:52,935 - freqtrade.configuration.configuration - INFO - Filter trades by timerange: 20241201-20241231
2025-08-07 21:34:52,935 - freqtrade.exchange.check_exchange - INFO - Checking exchange...
2025-08-07 21:34:52,939 - freqtrade.exchange.check_exchange - INFO - Exchange "bybit" is officially supported by the Freqtrade development team.
2025-08-07 21:34:52,939 - freqtrade.configuration.configuration - INFO - Using pairlist from configuration.
2025-08-07 21:34:52,939 - freqtrade - ERROR - Configuration error: StaticPairList requires pair_whitelist to be set.
Please make sure to review the documentation at https://www.freqtrade.io/en/stable.
2025-08-07 21:35:07,548 - freqtrade.loggers - INFO - Enabling colorized output.
2025-08-07 21:35:07,548 - root - INFO - Logfile configured
2025-08-07 21:35:07,548 - freqtrade.loggers - INFO - Verbosity set to 0
2025-08-07 21:35:07,548 - freqtrade.configuration.configuration - INFO - Using additional Strategy lookup path: strategies
2025-08-07 21:35:07,549 - freqtrade.configuration.configuration - INFO - Parameter -i/--timeframe detected ... Using timeframe: 5m ...
2025-08-07 21:35:07,549 - freqtrade.configuration.configuration - INFO - Using max_open_trades: 5 ...
2025-08-07 21:35:07,549 - freqtrade.configuration.configuration - INFO - Parameter --timerange detected: 20241201-20241231 ...
2025-08-07 21:35:07,549 - freqtrade.configuration.configuration - INFO - Using user-data directory: user_data ...
2025-08-07 21:35:07,549 - freqtrade.configuration.configuration - INFO - Using data directory: user_data/data/bybit ...
2025-08-07 21:35:07,549 - freqtrade.configuration.configuration - INFO - Overriding timeframe with Command line argument
2025-08-07 21:35:07,549 - freqtrade.configuration.configuration - INFO - Parameter --cache=day detected ...
2025-08-07 21:35:07,549 - freqtrade.configuration.configuration - INFO - Filter trades by timerange: 20241201-20241231
2025-08-07 21:35:07,550 - freqtrade.exchange.check_exchange - INFO - Checking exchange...
2025-08-07 21:35:07,553 - freqtrade.exchange.check_exchange - INFO - Exchange "bybit" is officially supported by the Freqtrade development team.
2025-08-07 21:35:07,553 - freqtrade.configuration.configuration - INFO - Using pairlist from configuration.
2025-08-07 21:35:07,553 - freqtrade.configuration.config_validation - INFO - Validating configuration ...
2025-08-07 21:35:07,554 - freqtrade.commands.optimize_commands - INFO - Starting freqtrade in Backtesting mode
2025-08-07 21:35:07,554 - freqtrade.exchange.exchange - INFO - Instance is running with dry_run enabled
2025-08-07 21:35:07,554 - freqtrade.exchange.exchange - INFO - Using CCXT 4.4.99
2025-08-07 21:35:07,554 - freqtrade.exchange.exchange - INFO - Applying additional ccxt config: {'options': {'defaultType': 'linear'}, 'enableRateLimit': True, 'sandbox': False, 'timeout': 30000}
2025-08-07 21:35:07,557 - freqtrade.exchange.exchange - INFO - Applying additional ccxt config: {'options': {'defaultType': 'linear'}, 'enableRateLimit': True, 'sandbox': False, 'timeout': 30000, 'rateLimit': 500}
2025-08-07 21:35:07,560 - freqtrade.exchange.exchange - INFO - Using Exchange "Bybit"
2025-08-07 21:35:25,618 - freqtrade.resolvers.exchange_resolver - INFO - Using resolved exchange 'Bybit'...
2025-08-07 21:35:26,038 - freqtrade.resolvers.iresolver - INFO - Using resolved strategy NewsHeliusBitqueryML from '/Users/rognarlodbrok/Desktop/Новый Фриг Бот/strategies/NewsHeliusBitqueryML.py'...
2025-08-07 21:35:26,039 - freqtrade.strategy.hyper - INFO - Found no parameter file.
2025-08-07 21:35:26,039 - root - INFO - Helius Signal Generator инициализирован
2025-08-07 21:35:26,039 - root - INFO - Bitquery Signal Generator инициализирован
2025-08-07 21:35:26,730 - root - INFO - News Sentiment Analyzer инициализирован
2025-08-07 21:35:26,730 - root - INFO - ML Model инициализирован
2025-08-07 21:35:26,731 - freqtrade.resolvers.strategy_resolver - INFO - Override strategy 'minimal_roi' with value in config file: {'0': 0.02, '40': 0.01, '60': 0.005, '120': 0}.
2025-08-07 21:35:26,731 - freqtrade.resolvers.strategy_resolver - INFO - Override strategy 'timeframe' with value in config file: 5m.
2025-08-07 21:35:26,731 - freqtrade.resolvers.strategy_resolver - INFO - Override strategy 'stoploss' with value in config file: -0.05.
2025-08-07 21:35:26,731 - freqtrade.resolvers.strategy_resolver - INFO - Override strategy 'trailing_stop' with value in config file: False.
2025-08-07 21:35:26,731 - freqtrade.resolvers.strategy_resolver - INFO - Override strategy 'trailing_stop_positive' with value in config file: 0.02.
2025-08-07 21:35:26,731 - freqtrade.resolvers.strategy_resolver - INFO - Override strategy 'trailing_stop_positive_offset' with value in config file: 0.03.
2025-08-07 21:35:26,731 - freqtrade.resolvers.strategy_resolver - INFO - Override strategy 'trailing_only_offset_is_reached' with value in config file: False.
2025-08-07 21:35:26,731 - freqtrade.resolvers.strategy_resolver - INFO - Override strategy 'order_types' with value in config file: {'entry': 'limit', 'exit': 'limit', 'emergency_exit': 'market', 'force_entry': 'market', 'force_exit': 'market', 'stoploss': 'limit', 'stoploss_on_exchange': True, 'stoploss_on_exchange_interval': 60, 'stoploss_on_exchange_limit_ratio': 0.99}.
2025-08-07 21:35:26,732 - freqtrade.resolvers.strategy_resolver - INFO - Override strategy 'order_time_in_force' with value in config file: {'entry': 'gtc', 'exit': 'gtc'}.
2025-08-07 21:35:26,732 - freqtrade.resolvers.strategy_resolver - INFO - Override strategy 'stake_currency' with value in config file: USDT.
2025-08-07 21:35:26,732 - freqtrade.resolvers.strategy_resolver - INFO - Override strategy 'stake_amount' with value in config file: unlimited.
2025-08-07 21:35:26,732 - freqtrade.resolvers.strategy_resolver - INFO - Override strategy 'unfilledtimeout' with value in config file: {'entry': 10, 'exit': 10, 'exit_timeout_count': 0, 'unit': 'minutes'}.
2025-08-07 21:35:26,732 - freqtrade.resolvers.strategy_resolver - INFO - Override strategy 'disable_dataframe_checks' with value in config file: False.
2025-08-07 21:35:26,732 - freqtrade.resolvers.strategy_resolver - INFO - Override strategy 'max_open_trades' with value in config file: 5.
2025-08-07 21:35:26,732 - freqtrade.resolvers.strategy_resolver - INFO - Strategy using minimal_roi: {'0': 0.02, '40': 0.01, '60': 0.005, '120': 0}
2025-08-07 21:35:26,733 - freqtrade.resolvers.strategy_resolver - INFO - Strategy using timeframe: 5m
2025-08-07 21:35:26,733 - freqtrade.resolvers.strategy_resolver - INFO - Strategy using stoploss: -0.05
2025-08-07 21:35:26,733 - freqtrade.resolvers.strategy_resolver - INFO - Strategy using trailing_stop: False
2025-08-07 21:35:26,733 - freqtrade.resolvers.strategy_resolver - INFO - Strategy using trailing_stop_positive: 0.02
2025-08-07 21:35:26,733 - freqtrade.resolvers.strategy_resolver - INFO - Strategy using trailing_stop_positive_offset: 0.03
2025-08-07 21:35:26,733 - freqtrade.resolvers.strategy_resolver - INFO - Strategy using trailing_only_offset_is_reached: False
2025-08-07 21:35:26,733 - freqtrade.resolvers.strategy_resolver - INFO - Strategy using use_custom_stoploss: False
2025-08-07 21:35:26,733 - freqtrade.resolvers.strategy_resolver - INFO - Strategy using process_only_new_candles: False
2025-08-07 21:35:26,734 - freqtrade.resolvers.strategy_resolver - INFO - Strategy using order_types: {'entry': 'limit', 'exit': 'limit', 'emergency_exit': 'market', 'force_entry': 'market', 'force_exit': 'market', 'stoploss': 'limit', 'stoploss_on_exchange': True, 'stoploss_on_exchange_interval': 60, 'stoploss_on_exchange_limit_ratio': 0.99}
2025-08-07 21:35:26,734 - freqtrade.resolvers.strategy_resolver - INFO - Strategy using order_time_in_force: {'entry': 'gtc', 'exit': 'gtc'}
2025-08-07 21:35:26,734 - freqtrade.resolvers.strategy_resolver - INFO - Strategy using stake_currency: USDT
2025-08-07 21:35:26,734 - freqtrade.resolvers.strategy_resolver - INFO - Strategy using stake_amount: unlimited
2025-08-07 21:35:26,734 - freqtrade.resolvers.strategy_resolver - INFO - Strategy using startup_candle_count: 200
2025-08-07 21:35:26,734 - freqtrade.resolvers.strategy_resolver - INFO - Strategy using unfilledtimeout: {'entry': 10, 'exit': 10, 'exit_timeout_count': 0, 'unit': 'minutes'}
2025-08-07 21:35:26,734 - freqtrade.resolvers.strategy_resolver - INFO - Strategy using use_exit_signal: True
2025-08-07 21:35:26,734 - freqtrade.resolvers.strategy_resolver - INFO - Strategy using exit_profit_only: False
2025-08-07 21:35:26,735 - freqtrade.resolvers.strategy_resolver - INFO - Strategy using ignore_roi_if_entry_signal: True
2025-08-07 21:35:26,735 - freqtrade.resolvers.strategy_resolver - INFO - Strategy using exit_profit_offset: 0.0
2025-08-07 21:35:26,735 - freqtrade.resolvers.strategy_resolver - INFO - Strategy using disable_dataframe_checks: False
2025-08-07 21:35:26,735 - freqtrade.resolvers.strategy_resolver - INFO - Strategy using ignore_buying_expired_candle_after: 0
2025-08-07 21:35:26,735 - freqtrade.resolvers.strategy_resolver - INFO - Strategy using position_adjustment_enable: False
2025-08-07 21:35:26,735 - freqtrade.resolvers.strategy_resolver - INFO - Strategy using max_entry_position_adjustment: -1
2025-08-07 21:35:26,735 - freqtrade.resolvers.strategy_resolver - INFO - Strategy using max_open_trades: 5
2025-08-07 21:35:26,735 - freqtrade.configuration.config_validation - INFO - Validating configuration ...
2025-08-07 21:35:26,737 - freqtrade - ERROR - No Pairlist Handlers defined
2025-08-07 21:36:24,536 - freqtrade.loggers - INFO - Enabling colorized output.
2025-08-07 21:36:24,537 - root - INFO - Logfile configured
2025-08-07 21:36:24,537 - freqtrade.loggers - INFO - Verbosity set to 0
2025-08-07 21:36:24,538 - freqtrade.configuration.configuration - INFO - Using user-data directory: user_data ...
2025-08-07 21:36:24,538 - freqtrade.configuration.configuration - INFO - Using data directory: user_data/data/bybit ...
2025-08-07 21:36:24,726 - freqtrade.exchange.check_exchange - INFO - Checking exchange...
2025-08-07 21:36:24,729 - freqtrade.exchange.check_exchange - INFO - Exchange "bybit" is officially supported by the Freqtrade development team.
2025-08-07 21:36:24,729 - freqtrade.configuration.configuration - INFO - Using pairlist from configuration.
2025-08-07 21:36:24,844 - freqtrade.loggers - INFO - Enabling colorized output.
2025-08-07 21:36:24,844 - root - INFO - Logfile configured
2025-08-07 21:36:24,845 - freqtrade.loggers - INFO - Verbosity set to 0
2025-08-07 21:36:24,845 - freqtrade.configuration.configuration - INFO - Parameter --dry-run detected, overriding dry_run to: True ...
2025-08-07 21:36:24,845 - freqtrade.configuration.configuration - INFO - Using additional Strategy lookup path: strategies/
2025-08-07 21:36:24,845 - freqtrade.configuration.configuration - INFO - Parameter -i/--timeframe detected ... Using timeframe: 5m ...
2025-08-07 21:36:24,845 - freqtrade.configuration.configuration - INFO - Parameter --max-open-trades detected, overriding max_open_trades to: 5 ...
2025-08-07 21:36:24,845 - freqtrade.configuration.configuration - INFO - Parameter --timeframe-detail detected, using 1m for intra-candle backtesting ...
2025-08-07 21:36:24,845 - freqtrade.configuration.configuration - INFO - Parameter --stake-amount detected, overriding stake_amount to: unlimited ...
2025-08-07 21:36:24,846 - freqtrade.configuration.configuration - INFO - Parameter --dry-run-wallet detected, overriding dry_run_wallet to: 1000 ...
2025-08-07 21:36:24,846 - freqtrade.configuration.configuration - INFO - Using exchange {'name': 'bybit', 'key': 'WY9PPzJPj2UefITyX4', 'secret': 'HM4ofWqPH1YcOLDm6XuXoPpRtkxUAm6sWsmO', 'ccxt_config': {'enableRateLimit': True, 'sandbox': False, 'timeout': 30000, 'options': {'defaultType': 'linear'}}, 'ccxt_async_config': {'enableRateLimit': True, 'timeout': 30000, 'rateLimit': 500, 'options': {'defaultType': 'linear'}}, 'pair_whitelist': []}
2025-08-07 21:36:24,846 - freqtrade.configuration.configuration - INFO - Using user-data directory: user_data ...
2025-08-07 21:36:24,846 - freqtrade.configuration.configuration - INFO - Using data directory: user_data/data/bybit ...
2025-08-07 21:36:24,846 - freqtrade.configuration.configuration - INFO - Storing backtest results to user_data/backtest_results ...
2025-08-07 21:36:24,846 - freqtrade.configuration.configuration - INFO - Overriding timeframe with Command line argument
2025-08-07 21:36:24,847 - freqtrade.configuration.configuration - INFO - Using pairs []
2025-08-07 21:36:24,847 - freqtrade.configuration.configuration - INFO - Detected --trading-mode: futures
2025-08-07 21:36:24,847 - freqtrade.exchange.check_exchange - INFO - Checking exchange...
2025-08-07 21:36:48,333 - freqtrade.loggers - INFO - Enabling colorized output.
2025-08-07 21:36:48,333 - root - INFO - Logfile configured
2025-08-07 21:36:48,333 - freqtrade.loggers - INFO - Verbosity set to 0
2025-08-07 21:36:48,334 - freqtrade.configuration.configuration - INFO - Using additional Strategy lookup path: strategies
2025-08-07 21:36:48,334 - freqtrade.configuration.configuration - INFO - Parameter -i/--timeframe detected ... Using timeframe: 5m ...
2025-08-07 21:36:48,334 - freqtrade.configuration.configuration - INFO - Using max_open_trades: 5 ...
2025-08-07 21:36:48,334 - freqtrade.configuration.configuration - INFO - Parameter --timerange detected: 20241201-20241231 ...
2025-08-07 21:36:48,334 - freqtrade.configuration.configuration - INFO - Using user-data directory: user_data ...
2025-08-07 21:36:48,334 - freqtrade.configuration.configuration - INFO - Using data directory: user_data/data/bybit ...
2025-08-07 21:36:48,335 - freqtrade.configuration.configuration - INFO - Overriding timeframe with Command line argument
2025-08-07 21:36:48,335 - freqtrade.configuration.configuration - INFO - Parameter --cache=day detected ...
2025-08-07 21:36:48,335 - freqtrade.configuration.configuration - INFO - Filter trades by timerange: 20241201-20241231
2025-08-07 21:36:48,335 - freqtrade.exchange.check_exchange - INFO - Checking exchange...
2025-08-07 21:36:48,338 - freqtrade.exchange.check_exchange - INFO - Exchange "bybit" is officially supported by the Freqtrade development team.
2025-08-07 21:36:48,338 - freqtrade.configuration.configuration - INFO - Using pairlist from configuration.
2025-08-07 21:36:48,339 - freqtrade - ERROR - Configuration error: Please migrate your pricing settings to use the new wording.
Please make sure to review the documentation at https://www.freqtrade.io/en/stable.
2025-08-07 21:37:01,660 - freqtrade.loggers - INFO - Enabling colorized output.
2025-08-07 21:37:01,661 - root - INFO - Logfile configured
2025-08-07 21:37:01,661 - freqtrade.loggers - INFO - Verbosity set to 0
2025-08-07 21:37:01,661 - freqtrade.configuration.configuration - INFO - Using additional Strategy lookup path: strategies
2025-08-07 21:37:01,661 - freqtrade.configuration.configuration - INFO - Parameter -i/--timeframe detected ... Using timeframe: 5m ...
2025-08-07 21:37:01,661 - freqtrade.configuration.configuration - INFO - Using max_open_trades: 5 ...
2025-08-07 21:37:01,661 - freqtrade.configuration.configuration - INFO - Parameter --timerange detected: 20241201-20241231 ...
2025-08-07 21:37:01,662 - freqtrade.configuration.configuration - INFO - Using user-data directory: user_data ...
2025-08-07 21:37:01,662 - freqtrade.configuration.configuration - INFO - Using data directory: user_data/data/bybit ...
2025-08-07 21:37:01,662 - freqtrade.configuration.configuration - INFO - Overriding timeframe with Command line argument
2025-08-07 21:37:01,662 - freqtrade.configuration.configuration - INFO - Parameter --cache=day detected ...
2025-08-07 21:37:01,662 - freqtrade.configuration.configuration - INFO - Filter trades by timerange: 20241201-20241231
2025-08-07 21:37:01,662 - freqtrade.exchange.check_exchange - INFO - Checking exchange...
2025-08-07 21:37:01,665 - freqtrade.exchange.check_exchange - INFO - Exchange "bybit" is officially supported by the Freqtrade development team.
2025-08-07 21:37:01,666 - freqtrade.configuration.configuration - INFO - Using pairlist from configuration.
2025-08-07 21:37:01,666 - freqtrade - ERROR - Configuration error: Please migrate your pricing settings to use the new wording.
Please make sure to review the documentation at https://www.freqtrade.io/en/stable.
2025-08-07 21:37:17,143 - freqtrade.loggers - INFO - Enabling colorized output.
2025-08-07 21:37:17,144 - root - INFO - Logfile configured
2025-08-07 21:37:17,144 - freqtrade.loggers - INFO - Verbosity set to 0
2025-08-07 21:37:17,144 - freqtrade.configuration.configuration - INFO - Using additional Strategy lookup path: strategies
2025-08-07 21:37:17,144 - freqtrade.configuration.configuration - INFO - Parameter -i/--timeframe detected ... Using timeframe: 5m ...
2025-08-07 21:37:17,144 - freqtrade.configuration.configuration - INFO - Using max_open_trades: 5 ...
2025-08-07 21:37:17,145 - freqtrade.configuration.configuration - INFO - Parameter --timerange detected: 20241201-20241231 ...
2025-08-07 21:37:17,145 - freqtrade.configuration.configuration - INFO - Using user-data directory: user_data ...
2025-08-07 21:37:17,145 - freqtrade.configuration.configuration - INFO - Using data directory: user_data/data/bybit ...
2025-08-07 21:37:17,145 - freqtrade.configuration.configuration - INFO - Overriding timeframe with Command line argument
2025-08-07 21:37:17,145 - freqtrade.configuration.configuration - INFO - Parameter --cache=day detected ...
2025-08-07 21:37:17,145 - freqtrade.configuration.configuration - INFO - Filter trades by timerange: 20241201-20241231
2025-08-07 21:37:17,146 - freqtrade.exchange.check_exchange - INFO - Checking exchange...
2025-08-07 21:37:17,150 - freqtrade.exchange.check_exchange - INFO - Exchange "bybit" is officially supported by the Freqtrade development team.
2025-08-07 21:37:17,150 - freqtrade.configuration.configuration - INFO - Using pairlist from configuration.
2025-08-07 21:37:17,150 - freqtrade.configuration.config_validation - INFO - Validating configuration ...
2025-08-07 21:37:17,151 - freqtrade.commands.optimize_commands - INFO - Starting freqtrade in Backtesting mode
2025-08-07 21:37:17,152 - freqtrade.exchange.exchange - INFO - Instance is running with dry_run enabled
2025-08-07 21:37:17,152 - freqtrade.exchange.exchange - INFO - Using CCXT 4.4.99
2025-08-07 21:37:17,152 - freqtrade.exchange.exchange - INFO - Applying additional ccxt config: {'options': {'defaultType': 'linear'}, 'enableRateLimit': True, 'sandbox': False, 'timeout': 30000}
2025-08-07 21:37:17,155 - freqtrade.exchange.exchange - INFO - Applying additional ccxt config: {'options': {'defaultType': 'linear'}, 'enableRateLimit': True, 'sandbox': False, 'timeout': 30000, 'rateLimit': 500}
2025-08-07 21:37:17,159 - freqtrade.exchange.exchange - INFO - Using Exchange "Bybit"
2025-08-07 21:37:35,204 - freqtrade.resolvers.exchange_resolver - INFO - Using resolved exchange 'Bybit'...
2025-08-07 21:37:35,805 - freqtrade.resolvers.iresolver - INFO - Using resolved strategy NewsHeliusBitqueryML from '/Users/rognarlodbrok/Desktop/Новый Фриг Бот/strategies/NewsHeliusBitqueryML.py'...
2025-08-07 21:37:35,806 - freqtrade.strategy.hyper - INFO - Found no parameter file.
2025-08-07 21:37:35,806 - root - INFO - Helius Signal Generator инициализирован
2025-08-07 21:37:35,806 - root - INFO - Bitquery Signal Generator инициализирован
2025-08-07 21:37:36,499 - root - INFO - News Sentiment Analyzer инициализирован
2025-08-07 21:37:36,500 - root - INFO - ML Model инициализирован
2025-08-07 21:37:36,500 - freqtrade.resolvers.strategy_resolver - INFO - Override strategy 'minimal_roi' with value in config file: {'0': 0.02, '40': 0.01, '60': 0.005, '120': 0}.
2025-08-07 21:37:36,500 - freqtrade.resolvers.strategy_resolver - INFO - Override strategy 'timeframe' with value in config file: 5m.
2025-08-07 21:37:36,500 - freqtrade.resolvers.strategy_resolver - INFO - Override strategy 'stoploss' with value in config file: -0.05.
2025-08-07 21:37:36,500 - freqtrade.resolvers.strategy_resolver - INFO - Override strategy 'trailing_stop' with value in config file: False.
2025-08-07 21:37:36,501 - freqtrade.resolvers.strategy_resolver - INFO - Override strategy 'trailing_stop_positive' with value in config file: 0.02.
2025-08-07 21:37:36,501 - freqtrade.resolvers.strategy_resolver - INFO - Override strategy 'trailing_stop_positive_offset' with value in config file: 0.03.
2025-08-07 21:37:36,501 - freqtrade.resolvers.strategy_resolver - INFO - Override strategy 'trailing_only_offset_is_reached' with value in config file: False.
2025-08-07 21:37:36,501 - freqtrade.resolvers.strategy_resolver - INFO - Override strategy 'order_types' with value in config file: {'entry': 'limit', 'exit': 'limit', 'emergency_exit': 'market', 'force_entry': 'market', 'force_exit': 'market', 'stoploss': 'limit', 'stoploss_on_exchange': True, 'stoploss_on_exchange_interval': 60, 'stoploss_on_exchange_limit_ratio': 0.99}.
2025-08-07 21:37:36,501 - freqtrade.resolvers.strategy_resolver - INFO - Override strategy 'order_time_in_force' with value in config file: {'entry': 'gtc', 'exit': 'gtc'}.
2025-08-07 21:37:36,501 - freqtrade.resolvers.strategy_resolver - INFO - Override strategy 'stake_currency' with value in config file: USDT.
2025-08-07 21:37:36,502 - freqtrade.resolvers.strategy_resolver - INFO - Override strategy 'stake_amount' with value in config file: unlimited.
2025-08-07 21:37:36,502 - freqtrade.resolvers.strategy_resolver - INFO - Override strategy 'unfilledtimeout' with value in config file: {'entry': 10, 'exit': 10, 'exit_timeout_count': 0, 'unit': 'minutes'}.
2025-08-07 21:37:36,502 - freqtrade.resolvers.strategy_resolver - INFO - Override strategy 'disable_dataframe_checks' with value in config file: False.
2025-08-07 21:37:36,502 - freqtrade.resolvers.strategy_resolver - INFO - Override strategy 'max_open_trades' with value in config file: 5.
2025-08-07 21:37:36,502 - freqtrade.resolvers.strategy_resolver - INFO - Strategy using minimal_roi: {'0': 0.02, '40': 0.01, '60': 0.005, '120': 0}
2025-08-07 21:37:36,503 - freqtrade.resolvers.strategy_resolver - INFO - Strategy using timeframe: 5m
2025-08-07 21:37:36,504 - freqtrade.resolvers.strategy_resolver - INFO - Strategy using stoploss: -0.05
2025-08-07 21:37:36,504 - freqtrade.resolvers.strategy_resolver - INFO - Strategy using trailing_stop: False
2025-08-07 21:37:36,505 - freqtrade.resolvers.strategy_resolver - INFO - Strategy using trailing_stop_positive: 0.02
2025-08-07 21:37:36,505 - freqtrade.resolvers.strategy_resolver - INFO - Strategy using trailing_stop_positive_offset: 0.03
2025-08-07 21:37:36,505 - freqtrade.resolvers.strategy_resolver - INFO - Strategy using trailing_only_offset_is_reached: False
2025-08-07 21:37:36,505 - freqtrade.resolvers.strategy_resolver - INFO - Strategy using use_custom_stoploss: False
2025-08-07 21:37:36,506 - freqtrade.resolvers.strategy_resolver - INFO - Strategy using process_only_new_candles: False
2025-08-07 21:37:36,506 - freqtrade.resolvers.strategy_resolver - INFO - Strategy using order_types: {'entry': 'limit', 'exit': 'limit', 'emergency_exit': 'market', 'force_entry': 'market', 'force_exit': 'market', 'stoploss': 'limit', 'stoploss_on_exchange': True, 'stoploss_on_exchange_interval': 60, 'stoploss_on_exchange_limit_ratio': 0.99}
2025-08-07 21:37:36,506 - freqtrade.resolvers.strategy_resolver - INFO - Strategy using order_time_in_force: {'entry': 'gtc', 'exit': 'gtc'}
2025-08-07 21:37:36,506 - freqtrade.resolvers.strategy_resolver - INFO - Strategy using stake_currency: USDT
2025-08-07 21:37:36,506 - freqtrade.resolvers.strategy_resolver - INFO - Strategy using stake_amount: unlimited
2025-08-07 21:37:36,507 - freqtrade.resolvers.strategy_resolver - INFO - Strategy using startup_candle_count: 200
2025-08-07 21:37:36,507 - freqtrade.resolvers.strategy_resolver - INFO - Strategy using unfilledtimeout: {'entry': 10, 'exit': 10, 'exit_timeout_count': 0, 'unit': 'minutes'}
2025-08-07 21:37:36,507 - freqtrade.resolvers.strategy_resolver - INFO - Strategy using use_exit_signal: True
2025-08-07 21:37:36,507 - freqtrade.resolvers.strategy_resolver - INFO - Strategy using exit_profit_only: False
2025-08-07 21:37:36,507 - freqtrade.resolvers.strategy_resolver - INFO - Strategy using ignore_roi_if_entry_signal: True
2025-08-07 21:37:36,507 - freqtrade.resolvers.strategy_resolver - INFO - Strategy using exit_profit_offset: 0.0
2025-08-07 21:37:36,507 - freqtrade.resolvers.strategy_resolver - INFO - Strategy using disable_dataframe_checks: False
2025-08-07 21:37:36,508 - freqtrade.resolvers.strategy_resolver - INFO - Strategy using ignore_buying_expired_candle_after: 0
2025-08-07 21:37:36,508 - freqtrade.resolvers.strategy_resolver - INFO - Strategy using position_adjustment_enable: False
2025-08-07 21:37:36,508 - freqtrade.resolvers.strategy_resolver - INFO - Strategy using max_entry_position_adjustment: -1
2025-08-07 21:37:36,508 - freqtrade.resolvers.strategy_resolver - INFO - Strategy using max_open_trades: 5
2025-08-07 21:37:36,508 - freqtrade.configuration.config_validation - INFO - Validating configuration ...
2025-08-07 21:37:36,510 - freqtrade - ERROR - No Pairlist Handlers defined
