2025-08-07 18:09:45,859 - freqtrade.loggers - INFO - Enabling colorized output.
2025-08-07 18:09:45,859 - root - INFO - Logfile configured
2025-08-07 18:09:45,859 - freqtrade.loggers - INFO - Verbosity set to 3
2025-08-07 18:09:45,859 - freqtrade.configuration.configuration - INFO - Runmode set to dry_run.
2025-08-07 18:09:45,860 - freqtrade.configuration.configuration - INFO - Using additional Strategy lookup path: strategies
2025-08-07 18:09:45,860 - freqtrade.configuration.configuration - INFO - Dry run is enabled
2025-08-07 18:09:45,860 - freqtrade.configuration.configuration - INFO - Using DB: "sqlite:///tradesv3.dryrun.sqlite"
2025-08-07 18:09:45,860 - freqtrade.configuration.configuration - INFO - Using max_open_trades: 5 ...
2025-08-07 18:09:45,861 - freqtrade.configuration.configuration - INFO - Using user-data directory: user_data ...
2025-08-07 18:09:45,861 - freqtrade.configuration.directory_operations - INFO - Created data directory: None
2025-08-07 18:09:45,861 - freqtrade.configuration.configuration - INFO - Using data directory: user_data/data/bybit ...
2025-08-07 18:09:45,862 - freqtrade.exchange.check_exchange - INFO - Checking exchange...
2025-08-07 18:09:45,866 - freqtrade.exchange.check_exchange - INFO - Exchange "bybit" is officially supported by the Freqtrade development team.
2025-08-07 18:09:45,866 - freqtrade.configuration.configuration - INFO - Using pairlist from configuration.
2025-08-07 18:09:45,866 - freqtrade.resolvers.iresolver - DEBUG - Searching for IStrategy NewsHeliusBitqueryML in '/Users/rognarlodbrok/Desktop/Новый Фриг Бот/strategies'
2025-08-07 18:09:56,475 - root - WARNING - XGBoost или sklearn не установлены, ML функции отключены
2025-08-07 18:09:56,476 - freqtrade.resolvers.iresolver - INFO - Using resolved strategy NewsHeliusBitqueryML from '/Users/rognarlodbrok/Desktop/Новый Фриг Бот/strategies/NewsHeliusBitqueryML.py'...
2025-08-07 18:09:56,476 - freqtrade.strategy.hyper - INFO - Found no parameter file.
2025-08-07 18:09:56,476 - root - INFO - Helius Signal Generator инициализирован
2025-08-07 18:09:56,477 - root - INFO - Bitquery Signal Generator инициализирован
2025-08-07 18:09:56,480 - root - INFO - News Sentiment Analyzer инициализирован
2025-08-07 18:09:56,480 - freqtrade.resolvers.strategy_resolver - INFO - Override strategy 'minimal_roi' with value in config file: {'0': 0.02, '40': 0.01, '60': 0.005, '120': 0}.
2025-08-07 18:09:56,480 - freqtrade.resolvers.strategy_resolver - INFO - Override strategy 'timeframe' with value in config file: 5m.
2025-08-07 18:09:56,480 - freqtrade.resolvers.strategy_resolver - INFO - Override strategy 'stoploss' with value in config file: -0.05.
2025-08-07 18:09:56,480 - freqtrade.resolvers.strategy_resolver - INFO - Override strategy 'trailing_stop' with value in config file: False.
2025-08-07 18:09:56,481 - freqtrade.resolvers.strategy_resolver - INFO - Override strategy 'trailing_stop_positive' with value in config file: 0.02.
2025-08-07 18:09:56,481 - freqtrade.resolvers.strategy_resolver - INFO - Override strategy 'trailing_stop_positive_offset' with value in config file: 0.03.
2025-08-07 18:09:56,481 - freqtrade.resolvers.strategy_resolver - INFO - Override strategy 'trailing_only_offset_is_reached' with value in config file: False.
2025-08-07 18:09:56,481 - freqtrade.resolvers.strategy_resolver - INFO - Override strategy 'order_types' with value in config file: {'entry': 'limit', 'exit': 'limit', 'emergency_exit': 'market', 'force_entry': 'market', 'force_exit': 'market', 'stoploss': 'limit', 'stoploss_on_exchange': True, 'stoploss_on_exchange_interval': 60, 'stoploss_on_exchange_limit_ratio': 0.99}.
2025-08-07 18:09:56,481 - freqtrade.resolvers.strategy_resolver - INFO - Override strategy 'order_time_in_force' with value in config file: {'entry': 'gtc', 'exit': 'gtc'}.
2025-08-07 18:09:56,481 - freqtrade.resolvers.strategy_resolver - INFO - Override strategy 'stake_currency' with value in config file: USDT.
2025-08-07 18:09:56,481 - freqtrade.resolvers.strategy_resolver - INFO - Override strategy 'stake_amount' with value in config file: unlimited.
2025-08-07 18:09:56,481 - freqtrade.resolvers.strategy_resolver - INFO - Override strategy 'unfilledtimeout' with value in config file: {'entry': 10, 'exit': 10, 'exit_timeout_count': 0, 'unit': 'minutes'}.
2025-08-07 18:09:56,481 - freqtrade.resolvers.strategy_resolver - INFO - Override strategy 'disable_dataframe_checks' with value in config file: False.
2025-08-07 18:09:56,482 - freqtrade.resolvers.strategy_resolver - INFO - Override strategy 'max_open_trades' with value in config file: 5.
2025-08-07 18:09:56,482 - freqtrade.resolvers.strategy_resolver - INFO - Strategy using minimal_roi: {'0': 0.02, '40': 0.01, '60': 0.005, '120': 0}
2025-08-07 18:09:56,482 - freqtrade.resolvers.strategy_resolver - INFO - Strategy using timeframe: 5m
2025-08-07 18:09:56,482 - freqtrade.resolvers.strategy_resolver - INFO - Strategy using stoploss: -0.05
2025-08-07 18:09:56,482 - freqtrade.resolvers.strategy_resolver - INFO - Strategy using trailing_stop: False
2025-08-07 18:09:56,482 - freqtrade.resolvers.strategy_resolver - INFO - Strategy using trailing_stop_positive: 0.02
2025-08-07 18:09:56,482 - freqtrade.resolvers.strategy_resolver - INFO - Strategy using trailing_stop_positive_offset: 0.03
2025-08-07 18:09:56,482 - freqtrade.resolvers.strategy_resolver - INFO - Strategy using trailing_only_offset_is_reached: False
2025-08-07 18:09:56,482 - freqtrade.resolvers.strategy_resolver - INFO - Strategy using use_custom_stoploss: False
2025-08-07 18:09:56,482 - freqtrade.resolvers.strategy_resolver - INFO - Strategy using process_only_new_candles: False
2025-08-07 18:09:56,483 - freqtrade.resolvers.strategy_resolver - INFO - Strategy using order_types: {'entry': 'limit', 'exit': 'limit', 'emergency_exit': 'market', 'force_entry': 'market', 'force_exit': 'market', 'stoploss': 'limit', 'stoploss_on_exchange': True, 'stoploss_on_exchange_interval': 60, 'stoploss_on_exchange_limit_ratio': 0.99}
2025-08-07 18:09:56,483 - freqtrade.resolvers.strategy_resolver - INFO - Strategy using order_time_in_force: {'entry': 'gtc', 'exit': 'gtc'}
2025-08-07 18:09:56,483 - freqtrade.resolvers.strategy_resolver - INFO - Strategy using stake_currency: USDT
2025-08-07 18:09:56,483 - freqtrade.resolvers.strategy_resolver - INFO - Strategy using stake_amount: unlimited
2025-08-07 18:09:56,483 - freqtrade.resolvers.strategy_resolver - INFO - Strategy using startup_candle_count: 200
2025-08-07 18:09:56,483 - freqtrade.resolvers.strategy_resolver - INFO - Strategy using unfilledtimeout: {'entry': 10, 'exit': 10, 'exit_timeout_count': 0, 'unit': 'minutes'}
2025-08-07 18:09:56,483 - freqtrade.resolvers.strategy_resolver - INFO - Strategy using use_exit_signal: True
2025-08-07 18:09:56,483 - freqtrade.resolvers.strategy_resolver - INFO - Strategy using exit_profit_only: False
2025-08-07 18:09:56,483 - freqtrade.resolvers.strategy_resolver - INFO - Strategy using ignore_roi_if_entry_signal: True
2025-08-07 18:09:56,483 - freqtrade.resolvers.strategy_resolver - INFO - Strategy using exit_profit_offset: 0.0
2025-08-07 18:09:56,484 - freqtrade.resolvers.strategy_resolver - INFO - Strategy using disable_dataframe_checks: False
2025-08-07 18:09:56,484 - freqtrade.resolvers.strategy_resolver - INFO - Strategy using ignore_buying_expired_candle_after: 0
2025-08-07 18:09:56,484 - freqtrade.resolvers.strategy_resolver - INFO - Strategy using position_adjustment_enable: False
2025-08-07 18:09:56,484 - freqtrade.resolvers.strategy_resolver - INFO - Strategy using max_entry_position_adjustment: -1
2025-08-07 18:09:56,484 - freqtrade.resolvers.strategy_resolver - INFO - Strategy using max_open_trades: 5
2025-08-07 18:09:56,484 - freqtrade - ERROR - Configuration error: Please migrate your pricing settings to use the new wording.
Please make sure to review the documentation at https://www.freqtrade.io/en/stable.
